{"/home/jose-victor/projects/init/cards/backend/src/core/application/dtos/auth-user-dto.ts": {"path":"/home/jose-victor/projects/init/cards/backend/src/core/application/dtos/auth-user-dto.ts","all":true,"statementMap":{},"s":{},"branchMap":{"0":{"type":"branch","line":1,"loc":{"start":{"line":1,"column":69},"end":{"line":4,"column":1}},"locations":[{"start":{"line":1,"column":69},"end":{"line":4,"column":1}}]}},"b":{"0":[1]},"fnMap":{"0":{"name":"(empty-report)","decl":{"start":{"line":1,"column":69},"end":{"line":4,"column":1}},"loc":{"start":{"line":1,"column":69},"end":{"line":4,"column":1}},"line":1}},"f":{"0":1}}
,"/home/jose-victor/projects/init/cards/backend/src/core/application/dtos/create-card-dto.ts": {"path":"/home/jose-victor/projects/init/cards/backend/src/core/application/dtos/create-card-dto.ts","all":true,"statementMap":{"0":{"start":{"line":1,"column":0},"end":{"line":1,"column":28}},"4":{"start":{"line":5,"column":0},"end":{"line":5,"column":1}}},"s":{"0":0,"4":0},"branchMap":{"0":{"type":"branch","line":1,"loc":{"start":{"line":1,"column":89},"end":{"line":5,"column":1}},"locations":[{"start":{"line":1,"column":89},"end":{"line":5,"column":1}}]}},"b":{"0":[0]},"fnMap":{"0":{"name":"(empty-report)","decl":{"start":{"line":1,"column":89},"end":{"line":5,"column":1}},"loc":{"start":{"line":1,"column":89},"end":{"line":5,"column":1}},"line":1}},"f":{"0":0}}
,"/home/jose-victor/projects/init/cards/backend/src/core/application/dtos/cards-dtos/update-card-dto.ts": {"path":"/home/jose-victor/projects/init/cards/backend/src/core/application/dtos/cards-dtos/update-card-dto.ts","all":true,"statementMap":{"2":{"start":{"line":3,"column":0},"end":{"line":3,"column":55}}},"s":{"2":0},"branchMap":{"0":{"type":"branch","line":1,"loc":{"start":{"line":1,"column":114},"end":{"line":3,"column":55}},"locations":[{"start":{"line":1,"column":114},"end":{"line":3,"column":55}}]}},"b":{"0":[1]},"fnMap":{"0":{"name":"(empty-report)","decl":{"start":{"line":1,"column":114},"end":{"line":3,"column":55}},"loc":{"start":{"line":1,"column":114},"end":{"line":3,"column":55}},"line":1}},"f":{"0":1}}
,"/home/jose-victor/projects/init/cards/backend/src/core/application/dtos/tasks-dtos/create-task-dto.ts": {"path":"/home/jose-victor/projects/init/cards/backend/src/core/application/dtos/tasks-dtos/create-task-dto.ts","all":true,"statementMap":{"1":{"start":{"line":2,"column":0},"end":{"line":2,"column":52}},"3":{"start":{"line":4,"column":0},"end":{"line":4,"column":28}},"4":{"start":{"line":5,"column":0},"end":{"line":5,"column":13}},"5":{"start":{"line":6,"column":0},"end":{"line":6,"column":15}},"7":{"start":{"line":8,"column":0},"end":{"line":8,"column":13}},"8":{"start":{"line":9,"column":0},"end":{"line":9,"column":29}},"10":{"start":{"line":11,"column":0},"end":{"line":11,"column":13}},"11":{"start":{"line":12,"column":0},"end":{"line":12,"column":23}},"13":{"start":{"line":14,"column":0},"end":{"line":14,"column":13}},"14":{"start":{"line":15,"column":0},"end":{"line":15,"column":26}},"16":{"start":{"line":17,"column":0},"end":{"line":17,"column":13}},"17":{"start":{"line":18,"column":0},"end":{"line":18,"column":15}},"19":{"start":{"line":20,"column":0},"end":{"line":20,"column":12}},"20":{"start":{"line":21,"column":0},"end":{"line":21,"column":14}},"22":{"start":{"line":23,"column":0},"end":{"line":23,"column":13}},"23":{"start":{"line":24,"column":0},"end":{"line":24,"column":16}},"26":{"start":{"line":27,"column":0},"end":{"line":27,"column":1}}},"s":{"1":0,"3":0,"4":0,"5":0,"7":0,"8":0,"10":0,"11":0,"13":0,"14":0,"16":0,"17":0,"19":0,"20":0,"22":0,"23":0,"26":0},"branchMap":{"0":{"type":"branch","line":1,"loc":{"start":{"line":1,"column":463},"end":{"line":29,"column":41}},"locations":[{"start":{"line":1,"column":463},"end":{"line":29,"column":41}}]}},"b":{"0":[1]},"fnMap":{"0":{"name":"(empty-report)","decl":{"start":{"line":1,"column":463},"end":{"line":29,"column":41}},"loc":{"start":{"line":1,"column":463},"end":{"line":29,"column":41}},"line":1}},"f":{"0":1}}
,"/home/jose-victor/projects/init/cards/backend/src/core/application/dtos/tasks-dtos/delete-task-dto.ts": {"path":"/home/jose-victor/projects/init/cards/backend/src/core/application/dtos/tasks-dtos/delete-task-dto.ts","all":true,"statementMap":{"0":{"start":{"line":1,"column":0},"end":{"line":1,"column":28}},"3":{"start":{"line":4,"column":0},"end":{"line":4,"column":1}}},"s":{"0":0,"3":0},"branchMap":{"0":{"type":"branch","line":1,"loc":{"start":{"line":1,"column":66},"end":{"line":4,"column":1}},"locations":[{"start":{"line":1,"column":66},"end":{"line":4,"column":1}}]}},"b":{"0":[0]},"fnMap":{"0":{"name":"(empty-report)","decl":{"start":{"line":1,"column":66},"end":{"line":4,"column":1}},"loc":{"start":{"line":1,"column":66},"end":{"line":4,"column":1}},"line":1}},"f":{"0":0}}
,"/home/jose-victor/projects/init/cards/backend/src/core/application/dtos/tasks-dtos/find-by-date-dto.ts": {"path":"/home/jose-victor/projects/init/cards/backend/src/core/application/dtos/tasks-dtos/find-by-date-dto.ts","all":true,"statementMap":{"0":{"start":{"line":1,"column":0},"end":{"line":1,"column":28}},"3":{"start":{"line":4,"column":0},"end":{"line":4,"column":1}}},"s":{"0":0,"3":0},"branchMap":{"0":{"type":"branch","line":1,"loc":{"start":{"line":1,"column":62},"end":{"line":4,"column":1}},"locations":[{"start":{"line":1,"column":62},"end":{"line":4,"column":1}}]}},"b":{"0":[0]},"fnMap":{"0":{"name":"(empty-report)","decl":{"start":{"line":1,"column":62},"end":{"line":4,"column":1}},"loc":{"start":{"line":1,"column":62},"end":{"line":4,"column":1}},"line":1}},"f":{"0":0}}
,"/home/jose-victor/projects/init/cards/backend/src/core/application/dtos/tasks-dtos/update-completed-task.ts": {"path":"/home/jose-victor/projects/init/cards/backend/src/core/application/dtos/tasks-dtos/update-completed-task.ts","all":true,"statementMap":{},"s":{},"branchMap":{"0":{"type":"branch","line":1,"loc":{"start":{"line":1,"column":107},"end":{"line":5,"column":1}},"locations":[{"start":{"line":1,"column":107},"end":{"line":5,"column":1}}]}},"b":{"0":[1]},"fnMap":{"0":{"name":"(empty-report)","decl":{"start":{"line":1,"column":107},"end":{"line":5,"column":1}},"loc":{"start":{"line":1,"column":107},"end":{"line":5,"column":1}},"line":1}},"f":{"0":1}}
,"/home/jose-victor/projects/init/cards/backend/src/core/application/dtos/tasks-dtos/update-task-dto.ts": {"path":"/home/jose-victor/projects/init/cards/backend/src/core/application/dtos/tasks-dtos/update-task-dto.ts","all":false,"statementMap":{"1":{"start":{"line":2,"column":0},"end":{"line":2,"column":81}},"4":{"start":{"line":5,"column":0},"end":{"line":5,"column":28}},"5":{"start":{"line":6,"column":0},"end":{"line":6,"column":37}},"6":{"start":{"line":7,"column":0},"end":{"line":7,"column":31}},"7":{"start":{"line":8,"column":0},"end":{"line":8,"column":3}},"9":{"start":{"line":10,"column":0},"end":{"line":10,"column":13}},"10":{"start":{"line":11,"column":0},"end":{"line":11,"column":20}},"12":{"start":{"line":13,"column":0},"end":{"line":13,"column":13}},"13":{"start":{"line":14,"column":0},"end":{"line":14,"column":15}},"14":{"start":{"line":15,"column":0},"end":{"line":15,"column":22}},"16":{"start":{"line":17,"column":0},"end":{"line":17,"column":13}},"17":{"start":{"line":18,"column":0},"end":{"line":18,"column":29}},"19":{"start":{"line":20,"column":0},"end":{"line":20,"column":25}},"20":{"start":{"line":21,"column":0},"end":{"line":21,"column":15}},"21":{"start":{"line":22,"column":0},"end":{"line":22,"column":35}},"23":{"start":{"line":24,"column":0},"end":{"line":24,"column":13}},"24":{"start":{"line":25,"column":0},"end":{"line":25,"column":32}},"26":{"start":{"line":27,"column":0},"end":{"line":27,"column":13}},"27":{"start":{"line":28,"column":0},"end":{"line":28,"column":15}},"28":{"start":{"line":29,"column":0},"end":{"line":29,"column":30}},"30":{"start":{"line":31,"column":0},"end":{"line":31,"column":12}},"31":{"start":{"line":32,"column":0},"end":{"line":32,"column":21}},"33":{"start":{"line":34,"column":0},"end":{"line":34,"column":13}},"34":{"start":{"line":35,"column":0},"end":{"line":35,"column":15}},"35":{"start":{"line":36,"column":0},"end":{"line":36,"column":36}},"36":{"start":{"line":37,"column":0},"end":{"line":37,"column":1}}},"s":{"1":1,"4":1,"5":1,"6":3,"7":3,"9":1,"10":1,"12":1,"13":1,"14":1,"16":1,"17":1,"19":1,"20":1,"21":1,"23":1,"24":1,"26":1,"27":1,"28":1,"30":1,"31":1,"33":1,"34":1,"35":1,"36":1},"branchMap":{"0":{"type":"branch","line":6,"loc":{"start":{"line":6,"column":2},"end":{"line":8,"column":3}},"locations":[{"start":{"line":6,"column":2},"end":{"line":8,"column":3}}]}},"b":{"0":[3]},"fnMap":{"0":{"name":"UpdateTaskDto","decl":{"start":{"line":6,"column":2},"end":{"line":8,"column":3}},"loc":{"start":{"line":6,"column":2},"end":{"line":8,"column":3}},"line":6}},"f":{"0":3}}
,"/home/jose-victor/projects/init/cards/backend/src/core/application/dtos/users-dtos/create-user-dto.ts": {"path":"/home/jose-victor/projects/init/cards/backend/src/core/application/dtos/users-dtos/create-user-dto.ts","all":true,"statementMap":{},"s":{},"branchMap":{"0":{"type":"branch","line":1,"loc":{"start":{"line":1,"column":109},"end":{"line":6,"column":1}},"locations":[{"start":{"line":1,"column":109},"end":{"line":6,"column":1}}]}},"b":{"0":[1]},"fnMap":{"0":{"name":"(empty-report)","decl":{"start":{"line":1,"column":109},"end":{"line":6,"column":1}},"loc":{"start":{"line":1,"column":109},"end":{"line":6,"column":1}},"line":1}},"f":{"0":1}}
,"/home/jose-victor/projects/init/cards/backend/src/core/application/dtos/users-dtos/update-photo-user.dto.ts": {"path":"/home/jose-victor/projects/init/cards/backend/src/core/application/dtos/users-dtos/update-photo-user.dto.ts","all":true,"statementMap":{},"s":{},"branchMap":{"0":{"type":"branch","line":1,"loc":{"start":{"line":1,"column":75},"end":{"line":4,"column":2}},"locations":[{"start":{"line":1,"column":75},"end":{"line":4,"column":2}}]}},"b":{"0":[1]},"fnMap":{"0":{"name":"(empty-report)","decl":{"start":{"line":1,"column":75},"end":{"line":4,"column":2}},"loc":{"start":{"line":1,"column":75},"end":{"line":4,"column":2}},"line":1}},"f":{"0":1}}
,"/home/jose-victor/projects/init/cards/backend/src/core/application/dtos/workspaces-dtos/create-workspace-dto.ts": {"path":"/home/jose-victor/projects/init/cards/backend/src/core/application/dtos/workspaces-dtos/create-workspace-dto.ts","all":true,"statementMap":{},"s":{},"branchMap":{"0":{"type":"branch","line":1,"loc":{"start":{"line":1,"column":94},"end":{"line":5,"column":1}},"locations":[{"start":{"line":1,"column":94},"end":{"line":5,"column":1}}]}},"b":{"0":[1]},"fnMap":{"0":{"name":"(empty-report)","decl":{"start":{"line":1,"column":94},"end":{"line":5,"column":1}},"loc":{"start":{"line":1,"column":94},"end":{"line":5,"column":1}},"line":1}},"f":{"0":1}}
,"/home/jose-victor/projects/init/cards/backend/src/core/application/dtos/workspaces-dtos/rename-workspace-dto.ts": {"path":"/home/jose-victor/projects/init/cards/backend/src/core/application/dtos/workspaces-dtos/rename-workspace-dto.ts","all":true,"statementMap":{},"s":{},"branchMap":{"0":{"type":"branch","line":1,"loc":{"start":{"line":1,"column":69},"end":{"line":4,"column":1}},"locations":[{"start":{"line":1,"column":69},"end":{"line":4,"column":1}}]}},"b":{"0":[1]},"fnMap":{"0":{"name":"(empty-report)","decl":{"start":{"line":1,"column":69},"end":{"line":4,"column":1}},"loc":{"start":{"line":1,"column":69},"end":{"line":4,"column":1}},"line":1}},"f":{"0":1}}
,"/home/jose-victor/projects/init/cards/backend/src/core/application/dtos/workspaces-dtos/update-background-by-id.ts": {"path":"/home/jose-victor/projects/init/cards/backend/src/core/application/dtos/workspaces-dtos/update-background-by-id.ts","all":true,"statementMap":{},"s":{},"branchMap":{"0":{"type":"branch","line":1,"loc":{"start":{"line":1,"column":107},"end":{"line":5,"column":1}},"locations":[{"start":{"line":1,"column":107},"end":{"line":5,"column":1}}]}},"b":{"0":[1]},"fnMap":{"0":{"name":"(empty-report)","decl":{"start":{"line":1,"column":107},"end":{"line":5,"column":1}},"loc":{"start":{"line":1,"column":107},"end":{"line":5,"column":1}},"line":1}},"f":{"0":1}}
,"/home/jose-victor/projects/init/cards/backend/src/core/application/dtos/workspaces-dtos/update-background-dto.ts": {"path":"/home/jose-victor/projects/init/cards/backend/src/core/application/dtos/workspaces-dtos/update-background-dto.ts","all":true,"statementMap":{},"s":{},"branchMap":{"0":{"type":"branch","line":1,"loc":{"start":{"line":1,"column":111},"end":{"line":5,"column":1}},"locations":[{"start":{"line":1,"column":111},"end":{"line":5,"column":1}}]}},"b":{"0":[1]},"fnMap":{"0":{"name":"(empty-report)","decl":{"start":{"line":1,"column":111},"end":{"line":5,"column":1}},"loc":{"start":{"line":1,"column":111},"end":{"line":5,"column":1}},"line":1}},"f":{"0":1}}
,"/home/jose-victor/projects/init/cards/backend/src/core/application/dtos/workspaces-dtos/update-workspace-dto.ts": {"path":"/home/jose-victor/projects/init/cards/backend/src/core/application/dtos/workspaces-dtos/update-workspace-dto.ts","all":true,"statementMap":{},"s":{},"branchMap":{"0":{"type":"branch","line":1,"loc":{"start":{"line":1,"column":182},"end":{"line":7,"column":1}},"locations":[{"start":{"line":1,"column":182},"end":{"line":7,"column":1}}]}},"b":{"0":[1]},"fnMap":{"0":{"name":"(empty-report)","decl":{"start":{"line":1,"column":182},"end":{"line":7,"column":1}},"loc":{"start":{"line":1,"column":182},"end":{"line":7,"column":1}},"line":1}},"f":{"0":1}}
,"/home/jose-victor/projects/init/cards/backend/src/core/application/interfaces/auth-service-interface.ts": {"path":"/home/jose-victor/projects/init/cards/backend/src/core/application/interfaces/auth-service-interface.ts","all":true,"statementMap":{"2":{"start":{"line":3,"column":0},"end":{"line":3,"column":44}},"4":{"start":{"line":5,"column":0},"end":{"line":5,"column":1}}},"s":{"2":0,"4":0},"branchMap":{"0":{"type":"branch","line":1,"loc":{"start":{"line":1,"column":165},"end":{"line":5,"column":1}},"locations":[{"start":{"line":1,"column":165},"end":{"line":5,"column":1}}]}},"b":{"0":[1]},"fnMap":{"0":{"name":"(empty-report)","decl":{"start":{"line":1,"column":165},"end":{"line":5,"column":1}},"loc":{"start":{"line":1,"column":165},"end":{"line":5,"column":1}},"line":1}},"f":{"0":1}}
,"/home/jose-victor/projects/init/cards/backend/src/core/application/interfaces/cards-service-inteface.ts": {"path":"/home/jose-victor/projects/init/cards/backend/src/core/application/interfaces/cards-service-inteface.ts","all":true,"statementMap":{"4":{"start":{"line":5,"column":0},"end":{"line":5,"column":45}},"10":{"start":{"line":11,"column":0},"end":{"line":11,"column":1}}},"s":{"4":0,"10":0},"branchMap":{"0":{"type":"branch","line":1,"loc":{"start":{"line":1,"column":671},"end":{"line":11,"column":1}},"locations":[{"start":{"line":1,"column":671},"end":{"line":11,"column":1}}]}},"b":{"0":[1]},"fnMap":{"0":{"name":"(empty-report)","decl":{"start":{"line":1,"column":671},"end":{"line":11,"column":1}},"loc":{"start":{"line":1,"column":671},"end":{"line":11,"column":1}},"line":1}},"f":{"0":1}}
,"/home/jose-victor/projects/init/cards/backend/src/core/application/interfaces/jwt-service-interface.ts": {"path":"/home/jose-victor/projects/init/cards/backend/src/core/application/interfaces/jwt-service-interface.ts","all":true,"statementMap":{"2":{"start":{"line":3,"column":0},"end":{"line":3,"column":43}},"6":{"start":{"line":7,"column":0},"end":{"line":7,"column":1}}},"s":{"2":0,"6":0},"branchMap":{"0":{"type":"branch","line":1,"loc":{"start":{"line":1,"column":304},"end":{"line":7,"column":1}},"locations":[{"start":{"line":1,"column":304},"end":{"line":7,"column":1}}]}},"b":{"0":[1]},"fnMap":{"0":{"name":"(empty-report)","decl":{"start":{"line":1,"column":304},"end":{"line":7,"column":1}},"loc":{"start":{"line":1,"column":304},"end":{"line":7,"column":1}},"line":1}},"f":{"0":1}}
,"/home/jose-victor/projects/init/cards/backend/src/core/application/interfaces/task-service-interface.ts": {"path":"/home/jose-victor/projects/init/cards/backend/src/core/application/interfaces/task-service-interface.ts","all":true,"statementMap":{"8":{"start":{"line":9,"column":0},"end":{"line":9,"column":45}},"19":{"start":{"line":20,"column":0},"end":{"line":20,"column":1}}},"s":{"8":0,"19":0},"branchMap":{"0":{"type":"branch","line":1,"loc":{"start":{"line":1,"column":1258},"end":{"line":20,"column":1}},"locations":[{"start":{"line":1,"column":1258},"end":{"line":20,"column":1}}]}},"b":{"0":[1]},"fnMap":{"0":{"name":"(empty-report)","decl":{"start":{"line":1,"column":1258},"end":{"line":20,"column":1}},"loc":{"start":{"line":1,"column":1258},"end":{"line":20,"column":1}},"line":1}},"f":{"0":1}}
,"/home/jose-victor/projects/init/cards/backend/src/core/application/interfaces/users-service-interface.ts": {"path":"/home/jose-victor/projects/init/cards/backend/src/core/application/interfaces/users-service-interface.ts","all":true,"statementMap":{"4":{"start":{"line":5,"column":0},"end":{"line":5,"column":45}},"9":{"start":{"line":10,"column":0},"end":{"line":10,"column":1}}},"s":{"4":0,"9":0},"branchMap":{"0":{"type":"branch","line":1,"loc":{"start":{"line":1,"column":504},"end":{"line":10,"column":1}},"locations":[{"start":{"line":1,"column":504},"end":{"line":10,"column":1}}]}},"b":{"0":[1]},"fnMap":{"0":{"name":"(empty-report)","decl":{"start":{"line":1,"column":504},"end":{"line":10,"column":1}},"loc":{"start":{"line":1,"column":504},"end":{"line":10,"column":1}},"line":1}},"f":{"0":1}}
,"/home/jose-victor/projects/init/cards/backend/src/core/application/interfaces/workspaces-service-interface.ts": {"path":"/home/jose-victor/projects/init/cards/backend/src/core/application/interfaces/workspaces-service-interface.ts","all":true,"statementMap":{"6":{"start":{"line":7,"column":0},"end":{"line":7,"column":50}},"23":{"start":{"line":24,"column":0},"end":{"line":24,"column":1}}},"s":{"6":0,"23":0},"branchMap":{"0":{"type":"branch","line":1,"loc":{"start":{"line":1,"column":1754},"end":{"line":24,"column":1}},"locations":[{"start":{"line":1,"column":1754},"end":{"line":24,"column":1}}]}},"b":{"0":[1]},"fnMap":{"0":{"name":"(empty-report)","decl":{"start":{"line":1,"column":1754},"end":{"line":24,"column":1}},"loc":{"start":{"line":1,"column":1754},"end":{"line":24,"column":1}},"line":1}},"f":{"0":1}}
,"/home/jose-victor/projects/init/cards/backend/src/core/application/services/auth-service.ts": {"path":"/home/jose-victor/projects/init/cards/backend/src/core/application/services/auth-service.ts","all":false,"statementMap":{"1":{"start":{"line":2,"column":0},"end":{"line":2,"column":98}},"2":{"start":{"line":3,"column":0},"end":{"line":3,"column":35}},"13":{"start":{"line":14,"column":0},"end":{"line":14,"column":58}},"14":{"start":{"line":15,"column":0},"end":{"line":15,"column":14}},"15":{"start":{"line":16,"column":0},"end":{"line":16,"column":57}},"16":{"start":{"line":17,"column":0},"end":{"line":17,"column":52}},"17":{"start":{"line":18,"column":0},"end":{"line":18,"column":6}},"19":{"start":{"line":20,"column":0},"end":{"line":20,"column":65}},"20":{"start":{"line":21,"column":0},"end":{"line":21,"column":65}},"21":{"start":{"line":22,"column":0},"end":{"line":22,"column":3}},"23":{"start":{"line":24,"column":0},"end":{"line":24,"column":78}},"24":{"start":{"line":25,"column":0},"end":{"line":25,"column":63}},"26":{"start":{"line":27,"column":0},"end":{"line":27,"column":20}},"27":{"start":{"line":28,"column":0},"end":{"line":28,"column":61}},"28":{"start":{"line":29,"column":0},"end":{"line":29,"column":5}},"30":{"start":{"line":31,"column":0},"end":{"line":31,"column":68}},"32":{"start":{"line":33,"column":0},"end":{"line":33,"column":28}},"33":{"start":{"line":34,"column":0},"end":{"line":34,"column":65}},"34":{"start":{"line":35,"column":0},"end":{"line":35,"column":5}},"36":{"start":{"line":37,"column":0},"end":{"line":37,"column":9}},"37":{"start":{"line":38,"column":0},"end":{"line":38,"column":73}},"38":{"start":{"line":39,"column":0},"end":{"line":39,"column":73}},"40":{"start":{"line":41,"column":0},"end":{"line":41,"column":14}},"41":{"start":{"line":42,"column":0},"end":{"line":42,"column":20}},"42":{"start":{"line":43,"column":0},"end":{"line":43,"column":21}},"43":{"start":{"line":44,"column":0},"end":{"line":44,"column":8}},"44":{"start":{"line":45,"column":0},"end":{"line":45,"column":21}},"45":{"start":{"line":46,"column":0},"end":{"line":46,"column":81}},"46":{"start":{"line":47,"column":0},"end":{"line":47,"column":5}},"47":{"start":{"line":48,"column":0},"end":{"line":48,"column":3}},"48":{"start":{"line":49,"column":0},"end":{"line":49,"column":1}}},"s":{"1":1,"2":1,"13":1,"14":1,"15":2,"16":2,"17":2,"19":1,"20":0,"21":0,"23":1,"24":1,"26":1,"27":1,"28":1,"30":0,"32":0,"33":0,"34":0,"36":0,"37":0,"38":0,"40":0,"41":0,"42":0,"43":0,"44":0,"45":0,"46":0,"47":1,"48":1},"branchMap":{"0":{"type":"branch","line":15,"loc":{"start":{"line":15,"column":2},"end":{"line":18,"column":6}},"locations":[{"start":{"line":15,"column":2},"end":{"line":18,"column":6}}]},"1":{"type":"branch","line":24,"loc":{"start":{"line":24,"column":2},"end":{"line":48,"column":3}},"locations":[{"start":{"line":24,"column":2},"end":{"line":48,"column":3}}]},"2":{"type":"branch","line":27,"loc":{"start":{"line":27,"column":9},"end":{"line":27,"column":19}},"locations":[{"start":{"line":27,"column":9},"end":{"line":27,"column":19}}]},"3":{"type":"branch","line":29,"loc":{"start":{"line":29,"column":4},"end":{"line":47,"column":5}},"locations":[{"start":{"line":29,"column":4},"end":{"line":47,"column":5}}]}},"b":{"0":[2],"1":[1],"2":[0],"3":[0]},"fnMap":{"0":{"name":"AuthService","decl":{"start":{"line":15,"column":2},"end":{"line":18,"column":6}},"loc":{"start":{"line":15,"column":2},"end":{"line":18,"column":6}},"line":15},"1":{"name":"generateJWT","decl":{"start":{"line":20,"column":2},"end":{"line":22,"column":3}},"loc":{"start":{"line":20,"column":2},"end":{"line":22,"column":3}},"line":20},"2":{"name":"auth","decl":{"start":{"line":24,"column":2},"end":{"line":48,"column":3}},"loc":{"start":{"line":24,"column":2},"end":{"line":48,"column":3}},"line":24}},"f":{"0":2,"1":0,"2":1}}
,"/home/jose-victor/projects/init/cards/backend/src/core/application/services/cards-service.ts": {"path":"/home/jose-victor/projects/init/cards/backend/src/core/application/services/cards-service.ts","all":false,"statementMap":{"0":{"start":{"line":1,"column":0},"end":{"line":1,"column":57}},"2":{"start":{"line":3,"column":0},"end":{"line":3,"column":79}},"3":{"start":{"line":4,"column":0},"end":{"line":4,"column":88}},"4":{"start":{"line":5,"column":0},"end":{"line":5,"column":53}},"9":{"start":{"line":10,"column":0},"end":{"line":10,"column":87}},"10":{"start":{"line":11,"column":0},"end":{"line":11,"column":87}},"12":{"start":{"line":13,"column":0},"end":{"line":13,"column":60}},"13":{"start":{"line":14,"column":0},"end":{"line":14,"column":14}},"14":{"start":{"line":15,"column":0},"end":{"line":15,"column":48}},"15":{"start":{"line":16,"column":0},"end":{"line":16,"column":66}},"16":{"start":{"line":17,"column":0},"end":{"line":17,"column":6}},"18":{"start":{"line":19,"column":0},"end":{"line":19,"column":84}},"19":{"start":{"line":20,"column":0},"end":{"line":20,"column":82}},"20":{"start":{"line":21,"column":0},"end":{"line":21,"column":19}},"21":{"start":{"line":22,"column":0},"end":{"line":22,"column":61}},"23":{"start":{"line":24,"column":0},"end":{"line":24,"column":76}},"25":{"start":{"line":26,"column":0},"end":{"line":26,"column":39}},"26":{"start":{"line":27,"column":0},"end":{"line":27,"column":82}},"27":{"start":{"line":28,"column":0},"end":{"line":28,"column":5}},"29":{"start":{"line":30,"column":0},"end":{"line":30,"column":35}},"30":{"start":{"line":31,"column":0},"end":{"line":31,"column":18}},"31":{"start":{"line":32,"column":0},"end":{"line":32,"column":14}},"32":{"start":{"line":33,"column":0},"end":{"line":33,"column":13}},"33":{"start":{"line":34,"column":0},"end":{"line":34,"column":12}},"34":{"start":{"line":35,"column":0},"end":{"line":35,"column":7}},"36":{"start":{"line":37,"column":0},"end":{"line":37,"column":57}},"38":{"start":{"line":39,"column":0},"end":{"line":39,"column":16}},"39":{"start":{"line":40,"column":0},"end":{"line":40,"column":3}},"41":{"start":{"line":42,"column":0},"end":{"line":42,"column":88}},"42":{"start":{"line":43,"column":0},"end":{"line":43,"column":68}},"44":{"start":{"line":45,"column":0},"end":{"line":45,"column":90}},"46":{"start":{"line":47,"column":0},"end":{"line":47,"column":34}},"47":{"start":{"line":48,"column":0},"end":{"line":48,"column":57}},"48":{"start":{"line":49,"column":0},"end":{"line":49,"column":5}},"50":{"start":{"line":51,"column":0},"end":{"line":51,"column":16}},"51":{"start":{"line":52,"column":0},"end":{"line":52,"column":3}},"53":{"start":{"line":54,"column":0},"end":{"line":54,"column":82}},"54":{"start":{"line":55,"column":0},"end":{"line":55,"column":79}},"56":{"start":{"line":57,"column":0},"end":{"line":57,"column":58}},"58":{"start":{"line":59,"column":0},"end":{"line":59,"column":34}},"59":{"start":{"line":60,"column":0},"end":{"line":60,"column":57}},"60":{"start":{"line":61,"column":0},"end":{"line":61,"column":5}},"62":{"start":{"line":63,"column":0},"end":{"line":63,"column":16}},"63":{"start":{"line":64,"column":0},"end":{"line":64,"column":3}},"65":{"start":{"line":66,"column":0},"end":{"line":66,"column":90}},"66":{"start":{"line":67,"column":0},"end":{"line":67,"column":63}},"68":{"start":{"line":69,"column":0},"end":{"line":69,"column":16}},"69":{"start":{"line":70,"column":0},"end":{"line":70,"column":55}},"70":{"start":{"line":71,"column":0},"end":{"line":71,"column":5}},"72":{"start":{"line":73,"column":0},"end":{"line":73,"column":70}},"73":{"start":{"line":74,"column":0},"end":{"line":74,"column":24}},"74":{"start":{"line":75,"column":0},"end":{"line":75,"column":28}},"75":{"start":{"line":76,"column":0},"end":{"line":76,"column":7}},"77":{"start":{"line":78,"column":0},"end":{"line":78,"column":41}},"78":{"start":{"line":79,"column":0},"end":{"line":79,"column":12}},"79":{"start":{"line":80,"column":0},"end":{"line":80,"column":14}},"80":{"start":{"line":81,"column":0},"end":{"line":81,"column":7}},"82":{"start":{"line":83,"column":0},"end":{"line":83,"column":16}},"83":{"start":{"line":84,"column":0},"end":{"line":84,"column":3}},"85":{"start":{"line":86,"column":0},"end":{"line":86,"column":99}},"86":{"start":{"line":87,"column":0},"end":{"line":87,"column":59}},"88":{"start":{"line":89,"column":0},"end":{"line":89,"column":20}},"89":{"start":{"line":90,"column":0},"end":{"line":90,"column":55}},"90":{"start":{"line":91,"column":0},"end":{"line":91,"column":5}},"92":{"start":{"line":93,"column":0},"end":{"line":93,"column":34}},"93":{"start":{"line":94,"column":0},"end":{"line":94,"column":72}},"94":{"start":{"line":95,"column":0},"end":{"line":95,"column":5}},"96":{"start":{"line":97,"column":0},"end":{"line":97,"column":29}},"97":{"start":{"line":98,"column":0},"end":{"line":98,"column":40}},"98":{"start":{"line":99,"column":0},"end":{"line":99,"column":5}},"100":{"start":{"line":101,"column":0},"end":{"line":101,"column":37}},"101":{"start":{"line":102,"column":0},"end":{"line":102,"column":17}},"102":{"start":{"line":103,"column":0},"end":{"line":103,"column":7}},"104":{"start":{"line":105,"column":0},"end":{"line":105,"column":16}},"105":{"start":{"line":106,"column":0},"end":{"line":106,"column":3}},"106":{"start":{"line":107,"column":0},"end":{"line":107,"column":1}}},"s":{"0":1,"2":1,"3":1,"4":1,"9":1,"10":1,"12":1,"13":1,"14":2,"15":2,"16":2,"18":1,"19":2,"20":2,"21":2,"23":2,"25":2,"26":1,"27":1,"29":1,"30":1,"31":1,"32":1,"33":1,"34":1,"36":1,"38":1,"39":2,"41":1,"42":0,"44":0,"46":0,"47":0,"48":0,"50":0,"51":0,"53":1,"54":0,"56":0,"58":0,"59":0,"60":0,"62":0,"63":0,"65":1,"66":0,"68":0,"69":0,"70":0,"72":0,"73":0,"74":0,"75":0,"77":0,"78":0,"79":0,"80":0,"82":0,"83":0,"85":1,"86":0,"88":0,"89":0,"90":0,"92":0,"93":0,"94":0,"96":0,"97":0,"98":0,"100":0,"101":0,"102":0,"104":0,"105":0,"106":1},"branchMap":{"0":{"type":"branch","line":14,"loc":{"start":{"line":14,"column":2},"end":{"line":17,"column":6}},"locations":[{"start":{"line":14,"column":2},"end":{"line":17,"column":6}}]},"1":{"type":"branch","line":19,"loc":{"start":{"line":19,"column":2},"end":{"line":40,"column":3}},"locations":[{"start":{"line":19,"column":2},"end":{"line":40,"column":3}}]},"2":{"type":"branch","line":26,"loc":{"start":{"line":26,"column":38},"end":{"line":39,"column":16}},"locations":[{"start":{"line":26,"column":38},"end":{"line":39,"column":16}}]}},"b":{"0":[2],"1":[2],"2":[1]},"fnMap":{"0":{"name":"CardsService","decl":{"start":{"line":14,"column":2},"end":{"line":17,"column":6}},"loc":{"start":{"line":14,"column":2},"end":{"line":17,"column":6}},"line":14},"1":{"name":"create","decl":{"start":{"line":19,"column":2},"end":{"line":40,"column":3}},"loc":{"start":{"line":19,"column":2},"end":{"line":40,"column":3}},"line":19},"2":{"name":"findOneLatestUpdate","decl":{"start":{"line":42,"column":2},"end":{"line":52,"column":3}},"loc":{"start":{"line":42,"column":2},"end":{"line":52,"column":3}},"line":42},"3":{"name":"findOneByIdAndUser","decl":{"start":{"line":54,"column":2},"end":{"line":64,"column":3}},"loc":{"start":{"line":54,"column":2},"end":{"line":64,"column":3}},"line":54},"4":{"name":"update","decl":{"start":{"line":66,"column":2},"end":{"line":84,"column":3}},"loc":{"start":{"line":66,"column":2},"end":{"line":84,"column":3}},"line":66},"5":{"name":"updateBackground","decl":{"start":{"line":86,"column":2},"end":{"line":106,"column":3}},"loc":{"start":{"line":86,"column":2},"end":{"line":106,"column":3}},"line":86}},"f":{"0":2,"1":2,"2":0,"3":0,"4":0,"5":0}}
,"/home/jose-victor/projects/init/cards/backend/src/core/application/services/clean-service.ts": {"path":"/home/jose-victor/projects/init/cards/backend/src/core/application/services/clean-service.ts","all":true,"statementMap":{"3":{"start":{"line":4,"column":0},"end":{"line":4,"column":38}},"6":{"start":{"line":7,"column":0},"end":{"line":7,"column":1}},"8":{"start":{"line":9,"column":0},"end":{"line":9,"column":60}},"9":{"start":{"line":10,"column":0},"end":{"line":10,"column":94}},"11":{"start":{"line":12,"column":0},"end":{"line":12,"column":60}},"12":{"start":{"line":13,"column":0},"end":{"line":13,"column":47}},"13":{"start":{"line":14,"column":0},"end":{"line":14,"column":3}},"15":{"start":{"line":16,"column":0},"end":{"line":16,"column":55}},"16":{"start":{"line":17,"column":0},"end":{"line":17,"column":46}},"17":{"start":{"line":18,"column":0},"end":{"line":18,"column":3}},"18":{"start":{"line":19,"column":0},"end":{"line":19,"column":1}}},"s":{"3":0,"6":0,"8":0,"9":0,"11":0,"12":0,"13":0,"15":0,"16":0,"17":0,"18":0},"branchMap":{"0":{"type":"branch","line":1,"loc":{"start":{"line":1,"column":634},"end":{"line":19,"column":1}},"locations":[{"start":{"line":1,"column":634},"end":{"line":19,"column":1}}]}},"b":{"0":[1]},"fnMap":{"0":{"name":"(empty-report)","decl":{"start":{"line":1,"column":634},"end":{"line":19,"column":1}},"loc":{"start":{"line":1,"column":634},"end":{"line":19,"column":1}},"line":1}},"f":{"0":1}}
,"/home/jose-victor/projects/init/cards/backend/src/core/application/services/jwt-service.ts": {"path":"/home/jose-victor/projects/init/cards/backend/src/core/application/services/jwt-service.ts","all":false,"statementMap":{"0":{"start":{"line":1,"column":0},"end":{"line":1,"column":64}},"2":{"start":{"line":3,"column":0},"end":{"line":3,"column":79}},"4":{"start":{"line":5,"column":0},"end":{"line":5,"column":59}},"7":{"start":{"line":8,"column":0},"end":{"line":8,"column":23}},"8":{"start":{"line":9,"column":0},"end":{"line":9,"column":32}},"9":{"start":{"line":10,"column":0},"end":{"line":10,"column":34}},"10":{"start":{"line":11,"column":0},"end":{"line":11,"column":2}},"12":{"start":{"line":13,"column":0},"end":{"line":13,"column":56}},"14":{"start":{"line":15,"column":0},"end":{"line":15,"column":87}},"15":{"start":{"line":16,"column":0},"end":{"line":16,"column":83}},"17":{"start":{"line":18,"column":0},"end":{"line":18,"column":85}},"18":{"start":{"line":19,"column":0},"end":{"line":19,"column":37}},"19":{"start":{"line":20,"column":0},"end":{"line":20,"column":43}},"20":{"start":{"line":21,"column":0},"end":{"line":21,"column":20}},"21":{"start":{"line":22,"column":0},"end":{"line":22,"column":35}},"22":{"start":{"line":23,"column":0},"end":{"line":23,"column":20}},"23":{"start":{"line":24,"column":0},"end":{"line":24,"column":3}},"25":{"start":{"line":26,"column":0},"end":{"line":26,"column":90}},"26":{"start":{"line":27,"column":0},"end":{"line":27,"column":9}},"27":{"start":{"line":28,"column":0},"end":{"line":28,"column":61}},"29":{"start":{"line":30,"column":0},"end":{"line":30,"column":49}},"30":{"start":{"line":31,"column":0},"end":{"line":31,"column":36}},"31":{"start":{"line":32,"column":0},"end":{"line":32,"column":62}},"32":{"start":{"line":33,"column":0},"end":{"line":33,"column":9}},"34":{"start":{"line":35,"column":0},"end":{"line":35,"column":28}},"35":{"start":{"line":36,"column":0},"end":{"line":36,"column":21}},"36":{"start":{"line":37,"column":0},"end":{"line":37,"column":56}},"37":{"start":{"line":38,"column":0},"end":{"line":38,"column":5}},"38":{"start":{"line":39,"column":0},"end":{"line":39,"column":3}},"40":{"start":{"line":41,"column":0},"end":{"line":41,"column":100}},"41":{"start":{"line":42,"column":0},"end":{"line":42,"column":32}},"43":{"start":{"line":44,"column":0},"end":{"line":44,"column":90}},"44":{"start":{"line":45,"column":0},"end":{"line":45,"column":63}},"45":{"start":{"line":46,"column":0},"end":{"line":46,"column":5}},"47":{"start":{"line":48,"column":0},"end":{"line":48,"column":56}},"49":{"start":{"line":50,"column":0},"end":{"line":50,"column":56}},"50":{"start":{"line":51,"column":0},"end":{"line":51,"column":26}},"51":{"start":{"line":52,"column":0},"end":{"line":52,"column":88}},"52":{"start":{"line":53,"column":0},"end":{"line":53,"column":80}},"54":{"start":{"line":55,"column":0},"end":{"line":55,"column":55}},"56":{"start":{"line":57,"column":0},"end":{"line":57,"column":23}},"57":{"start":{"line":58,"column":0},"end":{"line":58,"column":8}},"58":{"start":{"line":59,"column":0},"end":{"line":59,"column":23}},"59":{"start":{"line":60,"column":0},"end":{"line":60,"column":53}},"60":{"start":{"line":61,"column":0},"end":{"line":61,"column":9}},"62":{"start":{"line":63,"column":0},"end":{"line":63,"column":19}},"63":{"start":{"line":64,"column":0},"end":{"line":64,"column":3}},"64":{"start":{"line":65,"column":0},"end":{"line":65,"column":1}}},"s":{"0":1,"2":1,"4":1,"7":1,"8":1,"9":1,"10":1,"12":1,"14":2,"15":2,"17":1,"18":0,"19":0,"20":0,"21":0,"22":0,"23":0,"25":1,"26":1,"27":1,"29":0,"30":0,"31":0,"32":0,"34":0,"35":1,"36":1,"37":1,"38":1,"40":1,"41":2,"43":2,"44":1,"45":1,"47":1,"49":1,"50":1,"51":1,"52":0,"54":0,"56":0,"57":1,"58":1,"59":1,"60":1,"62":0,"63":2,"64":1},"branchMap":{"0":{"type":"branch","line":13,"loc":{"start":{"line":13,"column":7},"end":{"line":16,"column":83}},"locations":[{"start":{"line":13,"column":7},"end":{"line":16,"column":83}}]},"1":{"type":"branch","line":15,"loc":{"start":{"line":15,"column":22},"end":{"line":15,"column":87}},"locations":[{"start":{"line":15,"column":22},"end":{"line":15,"column":87}}]},"2":{"type":"branch","line":26,"loc":{"start":{"line":26,"column":2},"end":{"line":39,"column":3}},"locations":[{"start":{"line":26,"column":2},"end":{"line":39,"column":3}}]},"3":{"type":"branch","line":28,"loc":{"start":{"line":28,"column":59},"end":{"line":36,"column":13}},"locations":[{"start":{"line":28,"column":59},"end":{"line":36,"column":13}}]},"4":{"type":"branch","line":41,"loc":{"start":{"line":41,"column":2},"end":{"line":64,"column":3}},"locations":[{"start":{"line":41,"column":2},"end":{"line":64,"column":3}}]},"5":{"type":"branch","line":44,"loc":{"start":{"line":44,"column":44},"end":{"line":44,"column":89}},"locations":[{"start":{"line":44,"column":44},"end":{"line":44,"column":89}}]},"6":{"type":"branch","line":44,"loc":{"start":{"line":44,"column":89},"end":{"line":61,"column":9}},"locations":[{"start":{"line":44,"column":89},"end":{"line":61,"column":9}}]},"7":{"type":"branch","line":61,"loc":{"start":{"line":61,"column":7},"end":{"line":63,"column":19}},"locations":[{"start":{"line":61,"column":7},"end":{"line":63,"column":19}}]},"8":{"type":"branch","line":51,"loc":{"start":{"line":51,"column":13},"end":{"line":58,"column":7}},"locations":[{"start":{"line":51,"column":13},"end":{"line":58,"column":7}}]},"9":{"type":"branch","line":52,"loc":{"start":{"line":52,"column":86},"end":{"line":57,"column":23}},"locations":[{"start":{"line":52,"column":86},"end":{"line":57,"column":23}}]},"10":{"type":"branch","line":59,"loc":{"start":{"line":59,"column":13},"end":{"line":61,"column":7}},"locations":[{"start":{"line":59,"column":13},"end":{"line":61,"column":7}}]}},"b":{"0":[2],"1":[2],"2":[1],"3":[0],"4":[2],"5":[1],"6":[1],"7":[0],"8":[1],"9":[0],"10":[1]},"fnMap":{"0":{"name":"JwtService","decl":{"start":{"line":13,"column":7},"end":{"line":16,"column":83}},"loc":{"start":{"line":13,"column":7},"end":{"line":16,"column":83}},"line":13},"1":{"name":"JwtService.verifyJWT","decl":{"start":{"line":15,"column":22},"end":{"line":15,"column":87}},"loc":{"start":{"line":15,"column":22},"end":{"line":15,"column":87}},"line":15},"2":{"name":"signJWT","decl":{"start":{"line":18,"column":2},"end":{"line":24,"column":3}},"loc":{"start":{"line":18,"column":2},"end":{"line":24,"column":3}},"line":18},"3":{"name":"renewTokenWithPassportOrThrowError","decl":{"start":{"line":26,"column":2},"end":{"line":39,"column":3}},"loc":{"start":{"line":26,"column":2},"end":{"line":39,"column":3}},"line":26},"4":{"name":"getSession","decl":{"start":{"line":41,"column":2},"end":{"line":64,"column":3}},"loc":{"start":{"line":41,"column":2},"end":{"line":64,"column":3}},"line":41}},"f":{"0":2,"1":2,"2":0,"3":1,"4":2}}
,"/home/jose-victor/projects/init/cards/backend/src/core/application/services/tasks-service.ts": {"path":"/home/jose-victor/projects/init/cards/backend/src/core/application/services/tasks-service.ts","all":false,"statementMap":{"5":{"start":{"line":6,"column":0},"end":{"line":6,"column":98}},"6":{"start":{"line":7,"column":0},"end":{"line":7,"column":62}},"8":{"start":{"line":9,"column":0},"end":{"line":9,"column":98}},"9":{"start":{"line":10,"column":0},"end":{"line":10,"column":88}},"10":{"start":{"line":11,"column":0},"end":{"line":11,"column":51}},"12":{"start":{"line":13,"column":0},"end":{"line":13,"column":37}},"13":{"start":{"line":14,"column":0},"end":{"line":14,"column":67}},"17":{"start":{"line":18,"column":0},"end":{"line":18,"column":60}},"18":{"start":{"line":19,"column":0},"end":{"line":19,"column":67}},"20":{"start":{"line":21,"column":0},"end":{"line":21,"column":62}},"21":{"start":{"line":22,"column":0},"end":{"line":22,"column":61}},"22":{"start":{"line":23,"column":0},"end":{"line":23,"column":67}},"23":{"start":{"line":24,"column":0},"end":{"line":24,"column":16}},"24":{"start":{"line":25,"column":0},"end":{"line":25,"column":3}},"26":{"start":{"line":27,"column":0},"end":{"line":27,"column":64}},"27":{"start":{"line":28,"column":0},"end":{"line":28,"column":53}},"28":{"start":{"line":29,"column":0},"end":{"line":29,"column":45}},"29":{"start":{"line":30,"column":0},"end":{"line":30,"column":31}},"30":{"start":{"line":31,"column":0},"end":{"line":31,"column":26}},"31":{"start":{"line":32,"column":0},"end":{"line":32,"column":24}},"32":{"start":{"line":33,"column":0},"end":{"line":33,"column":22}},"33":{"start":{"line":34,"column":0},"end":{"line":34,"column":22}},"34":{"start":{"line":35,"column":0},"end":{"line":35,"column":28}},"35":{"start":{"line":36,"column":0},"end":{"line":36,"column":24}},"36":{"start":{"line":37,"column":0},"end":{"line":37,"column":62}},"38":{"start":{"line":39,"column":0},"end":{"line":39,"column":17}},"39":{"start":{"line":40,"column":0},"end":{"line":40,"column":3}},"41":{"start":{"line":42,"column":0},"end":{"line":42,"column":75}},"42":{"start":{"line":43,"column":0},"end":{"line":43,"column":47}},"43":{"start":{"line":44,"column":0},"end":{"line":44,"column":56}},"45":{"start":{"line":46,"column":0},"end":{"line":46,"column":63}},"47":{"start":{"line":48,"column":0},"end":{"line":48,"column":16}},"48":{"start":{"line":49,"column":0},"end":{"line":49,"column":3}},"50":{"start":{"line":51,"column":0},"end":{"line":51,"column":68}},"51":{"start":{"line":52,"column":0},"end":{"line":52,"column":45}},"52":{"start":{"line":53,"column":0},"end":{"line":53,"column":62}},"53":{"start":{"line":54,"column":0},"end":{"line":54,"column":6}},"55":{"start":{"line":56,"column":0},"end":{"line":56,"column":35}},"56":{"start":{"line":57,"column":0},"end":{"line":57,"column":31}},"57":{"start":{"line":58,"column":0},"end":{"line":58,"column":50}},"58":{"start":{"line":59,"column":0},"end":{"line":59,"column":62}},"59":{"start":{"line":60,"column":0},"end":{"line":60,"column":9}},"60":{"start":{"line":61,"column":0},"end":{"line":61,"column":9}},"61":{"start":{"line":62,"column":0},"end":{"line":62,"column":7}},"63":{"start":{"line":64,"column":0},"end":{"line":64,"column":25}},"64":{"start":{"line":65,"column":0},"end":{"line":65,"column":3}},"66":{"start":{"line":67,"column":0},"end":{"line":67,"column":92}},"67":{"start":{"line":68,"column":0},"end":{"line":68,"column":95}},"68":{"start":{"line":69,"column":0},"end":{"line":69,"column":73}},"69":{"start":{"line":70,"column":0},"end":{"line":70,"column":86}},"70":{"start":{"line":71,"column":0},"end":{"line":71,"column":64}},"71":{"start":{"line":72,"column":0},"end":{"line":72,"column":24}},"72":{"start":{"line":73,"column":0},"end":{"line":73,"column":3}},"74":{"start":{"line":75,"column":0},"end":{"line":75,"column":66}},"75":{"start":{"line":76,"column":0},"end":{"line":76,"column":36}},"76":{"start":{"line":77,"column":0},"end":{"line":77,"column":61}},"77":{"start":{"line":78,"column":0},"end":{"line":78,"column":67}},"79":{"start":{"line":80,"column":0},"end":{"line":80,"column":31}},"80":{"start":{"line":81,"column":0},"end":{"line":81,"column":91}},"82":{"start":{"line":83,"column":0},"end":{"line":83,"column":46}},"84":{"start":{"line":85,"column":0},"end":{"line":85,"column":16}},"85":{"start":{"line":86,"column":0},"end":{"line":86,"column":3}},"87":{"start":{"line":88,"column":0},"end":{"line":88,"column":103}},"88":{"start":{"line":89,"column":0},"end":{"line":89,"column":70}},"90":{"start":{"line":91,"column":0},"end":{"line":91,"column":48}},"92":{"start":{"line":93,"column":0},"end":{"line":93,"column":34}},"93":{"start":{"line":94,"column":0},"end":{"line":94,"column":75}},"94":{"start":{"line":95,"column":0},"end":{"line":95,"column":5}},"96":{"start":{"line":97,"column":0},"end":{"line":97,"column":53}},"97":{"start":{"line":98,"column":0},"end":{"line":98,"column":86}},"98":{"start":{"line":99,"column":0},"end":{"line":99,"column":36}},"99":{"start":{"line":100,"column":0},"end":{"line":100,"column":52}},"100":{"start":{"line":101,"column":0},"end":{"line":101,"column":7}},"102":{"start":{"line":103,"column":0},"end":{"line":103,"column":85}},"104":{"start":{"line":105,"column":0},"end":{"line":105,"column":16}},"105":{"start":{"line":106,"column":0},"end":{"line":106,"column":3}},"107":{"start":{"line":108,"column":0},"end":{"line":108,"column":84}},"108":{"start":{"line":109,"column":0},"end":{"line":109,"column":48}},"110":{"start":{"line":111,"column":0},"end":{"line":111,"column":33}},"111":{"start":{"line":112,"column":0},"end":{"line":112,"column":68}},"112":{"start":{"line":113,"column":0},"end":{"line":113,"column":5}},"114":{"start":{"line":115,"column":0},"end":{"line":115,"column":16}},"115":{"start":{"line":116,"column":0},"end":{"line":116,"column":3}},"117":{"start":{"line":118,"column":0},"end":{"line":118,"column":91}},"118":{"start":{"line":119,"column":0},"end":{"line":119,"column":56}},"119":{"start":{"line":120,"column":0},"end":{"line":120,"column":39}},"121":{"start":{"line":122,"column":0},"end":{"line":122,"column":55}},"122":{"start":{"line":123,"column":0},"end":{"line":123,"column":55}},"124":{"start":{"line":125,"column":0},"end":{"line":125,"column":34}},"125":{"start":{"line":126,"column":0},"end":{"line":126,"column":68}},"126":{"start":{"line":127,"column":0},"end":{"line":127,"column":5}},"128":{"start":{"line":129,"column":0},"end":{"line":129,"column":56}},"129":{"start":{"line":130,"column":0},"end":{"line":130,"column":75}},"130":{"start":{"line":131,"column":0},"end":{"line":131,"column":5}},"131":{"start":{"line":132,"column":0},"end":{"line":132,"column":22}},"132":{"start":{"line":133,"column":0},"end":{"line":133,"column":11}},"134":{"start":{"line":135,"column":0},"end":{"line":135,"column":61}},"136":{"start":{"line":137,"column":0},"end":{"line":137,"column":16}},"137":{"start":{"line":138,"column":0},"end":{"line":138,"column":3}},"139":{"start":{"line":140,"column":0},"end":{"line":140,"column":58}},"140":{"start":{"line":141,"column":0},"end":{"line":141,"column":60}},"141":{"start":{"line":142,"column":0},"end":{"line":142,"column":53}},"142":{"start":{"line":143,"column":0},"end":{"line":143,"column":54}},"143":{"start":{"line":144,"column":0},"end":{"line":144,"column":62}},"144":{"start":{"line":145,"column":0},"end":{"line":145,"column":26}},"145":{"start":{"line":146,"column":0},"end":{"line":146,"column":23}},"146":{"start":{"line":147,"column":0},"end":{"line":147,"column":3}},"148":{"start":{"line":149,"column":0},"end":{"line":149,"column":47}},"149":{"start":{"line":150,"column":0},"end":{"line":150,"column":51}},"150":{"start":{"line":151,"column":0},"end":{"line":151,"column":3}},"152":{"start":{"line":153,"column":0},"end":{"line":153,"column":87}},"153":{"start":{"line":154,"column":0},"end":{"line":154,"column":79}},"154":{"start":{"line":155,"column":0},"end":{"line":155,"column":3}},"156":{"start":{"line":157,"column":0},"end":{"line":157,"column":67}},"157":{"start":{"line":158,"column":0},"end":{"line":158,"column":99}},"158":{"start":{"line":159,"column":0},"end":{"line":159,"column":3}},"160":{"start":{"line":161,"column":0},"end":{"line":161,"column":75}},"161":{"start":{"line":162,"column":0},"end":{"line":162,"column":44}},"164":{"start":{"line":165,"column":0},"end":{"line":165,"column":80}},"167":{"start":{"line":168,"column":0},"end":{"line":168,"column":47}},"170":{"start":{"line":171,"column":0},"end":{"line":171,"column":89}},"171":{"start":{"line":172,"column":0},"end":{"line":172,"column":89}},"172":{"start":{"line":173,"column":0},"end":{"line":173,"column":18}},"173":{"start":{"line":174,"column":0},"end":{"line":174,"column":5}},"175":{"start":{"line":176,"column":0},"end":{"line":176,"column":16}},"176":{"start":{"line":177,"column":0},"end":{"line":177,"column":3}},"178":{"start":{"line":179,"column":0},"end":{"line":179,"column":61}},"179":{"start":{"line":180,"column":0},"end":{"line":180,"column":26}},"180":{"start":{"line":181,"column":0},"end":{"line":181,"column":57}},"183":{"start":{"line":184,"column":0},"end":{"line":184,"column":72}},"185":{"start":{"line":186,"column":0},"end":{"line":186,"column":54}},"186":{"start":{"line":187,"column":0},"end":{"line":187,"column":3}},"188":{"start":{"line":189,"column":0},"end":{"line":189,"column":75}},"189":{"start":{"line":190,"column":0},"end":{"line":190,"column":40}},"190":{"start":{"line":191,"column":0},"end":{"line":191,"column":45}},"191":{"start":{"line":192,"column":0},"end":{"line":192,"column":66}},"192":{"start":{"line":193,"column":0},"end":{"line":193,"column":76}},"195":{"start":{"line":196,"column":0},"end":{"line":196,"column":71}},"197":{"start":{"line":198,"column":0},"end":{"line":198,"column":54}},"198":{"start":{"line":199,"column":0},"end":{"line":199,"column":3}},"200":{"start":{"line":201,"column":0},"end":{"line":201,"column":63}},"201":{"start":{"line":202,"column":0},"end":{"line":202,"column":56}},"203":{"start":{"line":204,"column":0},"end":{"line":204,"column":38}},"204":{"start":{"line":205,"column":0},"end":{"line":205,"column":39}},"205":{"start":{"line":206,"column":0},"end":{"line":206,"column":39}},"206":{"start":{"line":207,"column":0},"end":{"line":207,"column":63}},"207":{"start":{"line":208,"column":0},"end":{"line":208,"column":34}},"208":{"start":{"line":209,"column":0},"end":{"line":209,"column":58}},"209":{"start":{"line":210,"column":0},"end":{"line":210,"column":47}},"211":{"start":{"line":212,"column":0},"end":{"line":212,"column":47}},"212":{"start":{"line":213,"column":0},"end":{"line":213,"column":82}},"213":{"start":{"line":214,"column":0},"end":{"line":214,"column":60}},"214":{"start":{"line":215,"column":0},"end":{"line":215,"column":62}},"216":{"start":{"line":217,"column":0},"end":{"line":217,"column":46}},"217":{"start":{"line":218,"column":0},"end":{"line":218,"column":67}},"218":{"start":{"line":219,"column":0},"end":{"line":219,"column":7}},"219":{"start":{"line":220,"column":0},"end":{"line":220,"column":7}},"221":{"start":{"line":222,"column":0},"end":{"line":222,"column":19}},"222":{"start":{"line":223,"column":0},"end":{"line":223,"column":3}},"224":{"start":{"line":225,"column":0},"end":{"line":225,"column":79}},"225":{"start":{"line":226,"column":0},"end":{"line":226,"column":70}},"226":{"start":{"line":227,"column":0},"end":{"line":227,"column":81}},"227":{"start":{"line":228,"column":0},"end":{"line":228,"column":38}},"229":{"start":{"line":230,"column":0},"end":{"line":230,"column":9}},"230":{"start":{"line":231,"column":0},"end":{"line":231,"column":45}},"231":{"start":{"line":232,"column":0},"end":{"line":232,"column":68}},"232":{"start":{"line":233,"column":0},"end":{"line":233,"column":43}},"233":{"start":{"line":234,"column":0},"end":{"line":234,"column":34}},"235":{"start":{"line":236,"column":0},"end":{"line":236,"column":93}},"236":{"start":{"line":237,"column":0},"end":{"line":237,"column":50}},"237":{"start":{"line":238,"column":0},"end":{"line":238,"column":77}},"238":{"start":{"line":239,"column":0},"end":{"line":239,"column":38}},"239":{"start":{"line":240,"column":0},"end":{"line":240,"column":9}},"241":{"start":{"line":242,"column":0},"end":{"line":242,"column":76}},"242":{"start":{"line":243,"column":0},"end":{"line":243,"column":94}},"243":{"start":{"line":244,"column":0},"end":{"line":244,"column":68}},"244":{"start":{"line":245,"column":0},"end":{"line":245,"column":19}},"245":{"start":{"line":246,"column":0},"end":{"line":246,"column":69}},"246":{"start":{"line":247,"column":0},"end":{"line":247,"column":51}},"247":{"start":{"line":248,"column":0},"end":{"line":248,"column":88}},"248":{"start":{"line":249,"column":0},"end":{"line":249,"column":8}},"250":{"start":{"line":251,"column":0},"end":{"line":251,"column":47}},"252":{"start":{"line":253,"column":0},"end":{"line":253,"column":26}},"253":{"start":{"line":254,"column":0},"end":{"line":254,"column":21}},"254":{"start":{"line":255,"column":0},"end":{"line":255,"column":90}},"255":{"start":{"line":256,"column":0},"end":{"line":256,"column":5}},"256":{"start":{"line":257,"column":0},"end":{"line":257,"column":3}},"257":{"start":{"line":258,"column":0},"end":{"line":258,"column":1}}},"s":{"5":1,"6":1,"8":1,"9":1,"10":1,"12":1,"13":1,"17":1,"18":1,"20":1,"21":7,"22":7,"23":6,"24":7,"26":1,"27":2,"28":2,"29":2,"30":2,"31":2,"32":2,"33":2,"34":2,"35":2,"36":2,"38":1,"39":2,"41":1,"42":2,"43":1,"45":1,"47":1,"48":2,"50":1,"51":0,"52":0,"53":0,"55":0,"56":0,"57":0,"58":0,"59":0,"60":0,"61":0,"63":0,"64":0,"66":1,"67":0,"68":0,"69":0,"70":0,"71":0,"72":0,"74":1,"75":3,"76":3,"77":3,"79":2,"80":3,"82":1,"84":1,"85":3,"87":1,"88":2,"90":2,"92":2,"93":1,"94":1,"96":2,"97":2,"98":4,"99":4,"100":2,"102":2,"104":1,"105":2,"107":1,"108":2,"110":2,"111":1,"112":1,"114":1,"115":2,"117":1,"118":3,"119":3,"121":3,"122":2,"124":3,"125":1,"126":1,"128":1,"129":3,"130":3,"131":1,"132":0,"134":3,"136":1,"137":3,"139":1,"140":1,"141":2,"142":2,"143":2,"144":1,"145":1,"146":1,"148":1,"149":1,"150":1,"152":1,"153":1,"154":1,"156":1,"157":0,"158":0,"160":1,"161":1,"164":1,"167":1,"170":1,"171":1,"172":1,"173":1,"175":0,"176":1,"178":1,"179":0,"180":0,"183":0,"185":0,"186":0,"188":1,"189":1,"190":1,"191":1,"192":1,"195":1,"197":1,"198":1,"200":1,"201":0,"203":0,"204":0,"205":0,"206":0,"207":0,"208":0,"209":0,"211":0,"212":0,"213":0,"214":0,"216":0,"217":0,"218":0,"219":0,"221":0,"222":0,"224":1,"225":0,"226":0,"227":0,"229":0,"230":0,"231":0,"232":0,"233":0,"235":0,"236":0,"237":0,"238":0,"239":0,"241":0,"242":0,"243":0,"244":0,"245":0,"246":0,"247":0,"248":0,"250":0,"252":0,"253":0,"254":0,"255":0,"256":0,"257":1},"branchMap":{"0":{"type":"branch","line":19,"loc":{"start":{"line":19,"column":2},"end":{"line":19,"column":67}},"locations":[{"start":{"line":19,"column":2},"end":{"line":19,"column":67}}]},"1":{"type":"branch","line":21,"loc":{"start":{"line":21,"column":2},"end":{"line":25,"column":3}},"locations":[{"start":{"line":21,"column":2},"end":{"line":25,"column":3}}]},"2":{"type":"branch","line":23,"loc":{"start":{"line":23,"column":9},"end":{"line":23,"column":19}},"locations":[{"start":{"line":23,"column":9},"end":{"line":23,"column":19}}]},"3":{"type":"branch","line":23,"loc":{"start":{"line":23,"column":19},"end":{"line":23,"column":67}},"locations":[{"start":{"line":23,"column":19},"end":{"line":23,"column":67}}]},"4":{"type":"branch","line":23,"loc":{"start":{"line":23,"column":65},"end":{"line":24,"column":16}},"locations":[{"start":{"line":23,"column":65},"end":{"line":24,"column":16}}]},"5":{"type":"branch","line":27,"loc":{"start":{"line":27,"column":2},"end":{"line":40,"column":3}},"locations":[{"start":{"line":27,"column":2},"end":{"line":40,"column":3}}]},"6":{"type":"branch","line":29,"loc":{"start":{"line":29,"column":25},"end":{"line":29,"column":45}},"locations":[{"start":{"line":29,"column":25},"end":{"line":29,"column":45}}]},"7":{"type":"branch","line":37,"loc":{"start":{"line":37,"column":60},"end":{"line":39,"column":17}},"locations":[{"start":{"line":37,"column":60},"end":{"line":39,"column":17}}]},"8":{"type":"branch","line":37,"loc":{"start":{"line":37,"column":13},"end":{"line":37,"column":60}},"locations":[{"start":{"line":37,"column":13},"end":{"line":37,"column":60}}]},"9":{"type":"branch","line":42,"loc":{"start":{"line":42,"column":2},"end":{"line":49,"column":3}},"locations":[{"start":{"line":42,"column":2},"end":{"line":49,"column":3}}]},"10":{"type":"branch","line":43,"loc":{"start":{"line":43,"column":45},"end":{"line":48,"column":16}},"locations":[{"start":{"line":43,"column":45},"end":{"line":48,"column":16}}]},"11":{"type":"branch","line":75,"loc":{"start":{"line":75,"column":2},"end":{"line":86,"column":3}},"locations":[{"start":{"line":75,"column":2},"end":{"line":86,"column":3}}]},"12":{"type":"branch","line":78,"loc":{"start":{"line":78,"column":9},"end":{"line":78,"column":19}},"locations":[{"start":{"line":78,"column":9},"end":{"line":78,"column":19}}]},"13":{"type":"branch","line":78,"loc":{"start":{"line":78,"column":19},"end":{"line":78,"column":67}},"locations":[{"start":{"line":78,"column":19},"end":{"line":78,"column":67}}]},"14":{"type":"branch","line":78,"loc":{"start":{"line":78,"column":65},"end":{"line":81,"column":12}},"locations":[{"start":{"line":78,"column":65},"end":{"line":81,"column":12}}]},"15":{"type":"branch","line":81,"loc":{"start":{"line":81,"column":6},"end":{"line":85,"column":16}},"locations":[{"start":{"line":81,"column":6},"end":{"line":85,"column":16}}]},"16":{"type":"branch","line":88,"loc":{"start":{"line":88,"column":2},"end":{"line":106,"column":3}},"locations":[{"start":{"line":88,"column":2},"end":{"line":106,"column":3}}]},"17":{"type":"branch","line":93,"loc":{"start":{"line":93,"column":33},"end":{"line":97,"column":33}},"locations":[{"start":{"line":93,"column":33},"end":{"line":97,"column":33}}]},"18":{"type":"branch","line":103,"loc":{"start":{"line":103,"column":83},"end":{"line":105,"column":16}},"locations":[{"start":{"line":103,"column":83},"end":{"line":105,"column":16}}]},"19":{"type":"branch","line":97,"loc":{"start":{"line":97,"column":33},"end":{"line":97,"column":51}},"locations":[{"start":{"line":97,"column":33},"end":{"line":97,"column":51}}]},"20":{"type":"branch","line":98,"loc":{"start":{"line":98,"column":67},"end":{"line":101,"column":5}},"locations":[{"start":{"line":98,"column":67},"end":{"line":101,"column":5}}]},"21":{"type":"branch","line":108,"loc":{"start":{"line":108,"column":2},"end":{"line":116,"column":3}},"locations":[{"start":{"line":108,"column":2},"end":{"line":116,"column":3}}]},"22":{"type":"branch","line":111,"loc":{"start":{"line":111,"column":32},"end":{"line":115,"column":16}},"locations":[{"start":{"line":111,"column":32},"end":{"line":115,"column":16}}]},"23":{"type":"branch","line":118,"loc":{"start":{"line":118,"column":2},"end":{"line":138,"column":3}},"locations":[{"start":{"line":118,"column":2},"end":{"line":138,"column":3}}]},"24":{"type":"branch","line":122,"loc":{"start":{"line":122,"column":53},"end":{"line":125,"column":25}},"locations":[{"start":{"line":122,"column":53},"end":{"line":125,"column":25}}]},"25":{"type":"branch","line":125,"loc":{"start":{"line":125,"column":33},"end":{"line":129,"column":56}},"locations":[{"start":{"line":125,"column":33},"end":{"line":129,"column":56}}]},"26":{"type":"branch","line":131,"loc":{"start":{"line":131,"column":4},"end":{"line":132,"column":22}},"locations":[{"start":{"line":131,"column":4},"end":{"line":132,"column":22}}]},"27":{"type":"branch","line":132,"loc":{"start":{"line":132,"column":13},"end":{"line":133,"column":11}},"locations":[{"start":{"line":132,"column":13},"end":{"line":133,"column":11}}]},"28":{"type":"branch","line":135,"loc":{"start":{"line":135,"column":59},"end":{"line":137,"column":16}},"locations":[{"start":{"line":135,"column":59},"end":{"line":137,"column":16}}]},"29":{"type":"branch","line":130,"loc":{"start":{"line":130,"column":6},"end":{"line":130,"column":75}},"locations":[{"start":{"line":130,"column":6},"end":{"line":130,"column":75}}]},"30":{"type":"branch","line":140,"loc":{"start":{"line":140,"column":9},"end":{"line":147,"column":3}},"locations":[{"start":{"line":140,"column":9},"end":{"line":147,"column":3}}]},"31":{"type":"branch","line":141,"loc":{"start":{"line":141,"column":37},"end":{"line":145,"column":7}},"locations":[{"start":{"line":141,"column":37},"end":{"line":145,"column":7}}]},"32":{"type":"branch","line":144,"loc":{"start":{"line":144,"column":31},"end":{"line":144,"column":51}},"locations":[{"start":{"line":144,"column":31},"end":{"line":144,"column":51}}]},"33":{"type":"branch","line":144,"loc":{"start":{"line":144,"column":44},"end":{"line":144,"column":62}},"locations":[{"start":{"line":144,"column":44},"end":{"line":144,"column":62}}]},"34":{"type":"branch","line":149,"loc":{"start":{"line":149,"column":10},"end":{"line":151,"column":3}},"locations":[{"start":{"line":149,"column":10},"end":{"line":151,"column":3}}]},"35":{"type":"branch","line":153,"loc":{"start":{"line":153,"column":10},"end":{"line":155,"column":3}},"locations":[{"start":{"line":153,"column":10},"end":{"line":155,"column":3}}]},"36":{"type":"branch","line":154,"loc":{"start":{"line":154,"column":42},"end":{"line":154,"column":79}},"locations":[{"start":{"line":154,"column":42},"end":{"line":154,"column":79}}]},"37":{"type":"branch","line":161,"loc":{"start":{"line":161,"column":10},"end":{"line":177,"column":3}},"locations":[{"start":{"line":161,"column":10},"end":{"line":177,"column":3}}]},"38":{"type":"branch","line":165,"loc":{"start":{"line":165,"column":68},"end":{"line":165,"column":80}},"locations":[{"start":{"line":165,"column":68},"end":{"line":165,"column":80}}]},"39":{"type":"branch","line":168,"loc":{"start":{"line":168,"column":35},"end":{"line":168,"column":47}},"locations":[{"start":{"line":168,"column":35},"end":{"line":168,"column":47}}]},"40":{"type":"branch","line":171,"loc":{"start":{"line":171,"column":51},"end":{"line":171,"column":89}},"locations":[{"start":{"line":171,"column":51},"end":{"line":171,"column":89}}]},"41":{"type":"branch","line":172,"loc":{"start":{"line":172,"column":45},"end":{"line":172,"column":88}},"locations":[{"start":{"line":172,"column":45},"end":{"line":172,"column":88}}]},"42":{"type":"branch","line":174,"loc":{"start":{"line":174,"column":4},"end":{"line":176,"column":16}},"locations":[{"start":{"line":174,"column":4},"end":{"line":176,"column":16}}]},"43":{"type":"branch","line":189,"loc":{"start":{"line":189,"column":9},"end":{"line":199,"column":3}},"locations":[{"start":{"line":189,"column":9},"end":{"line":199,"column":3}}]},"44":{"type":"branch","line":196,"loc":{"start":{"line":196,"column":59},"end":{"line":196,"column":71}},"locations":[{"start":{"line":196,"column":59},"end":{"line":196,"column":71}}]}},"b":{"0":[14],"1":[7],"2":[6],"3":[1],"4":[6],"5":[2],"6":[0],"7":[1],"8":[1],"9":[2],"10":[1],"11":[3],"12":[2],"13":[1],"14":[2],"15":[1],"16":[2],"17":[1],"18":[1],"19":[3],"20":[4],"21":[2],"22":[1],"23":[3],"24":[2],"25":[1],"26":[1],"27":[0],"28":[1],"29":[3],"30":[1],"31":[2],"32":[1],"33":[1],"34":[1],"35":[1],"36":[0],"37":[1],"38":[0],"39":[0],"40":[0],"41":[0],"42":[0],"43":[1],"44":[0]},"fnMap":{"0":{"name":"TasksService","decl":{"start":{"line":19,"column":2},"end":{"line":19,"column":67}},"loc":{"start":{"line":19,"column":2},"end":{"line":19,"column":67}},"line":19},"1":{"name":"findOneById","decl":{"start":{"line":21,"column":2},"end":{"line":25,"column":3}},"loc":{"start":{"line":21,"column":2},"end":{"line":25,"column":3}},"line":21},"2":{"name":"parseToTask","decl":{"start":{"line":27,"column":2},"end":{"line":40,"column":3}},"loc":{"start":{"line":27,"column":2},"end":{"line":40,"column":3}},"line":27},"3":{"name":"create","decl":{"start":{"line":42,"column":2},"end":{"line":49,"column":3}},"loc":{"start":{"line":42,"column":2},"end":{"line":49,"column":3}},"line":42},"4":{"name":"createDaysWithTasks","decl":{"start":{"line":51,"column":10},"end":{"line":65,"column":3}},"loc":{"start":{"line":51,"column":10},"end":{"line":65,"column":3}},"line":51},"5":{"name":"findByDate","decl":{"start":{"line":67,"column":2},"end":{"line":73,"column":3}},"loc":{"start":{"line":67,"column":2},"end":{"line":73,"column":3}},"line":67},"6":{"name":"deleteTask","decl":{"start":{"line":75,"column":2},"end":{"line":86,"column":3}},"loc":{"start":{"line":75,"column":2},"end":{"line":86,"column":3}},"line":75},"7":{"name":"updateArrayCompleted","decl":{"start":{"line":88,"column":2},"end":{"line":106,"column":3}},"loc":{"start":{"line":88,"column":2},"end":{"line":106,"column":3}},"line":88},"8":{"name":"findOneByIdAndUserId","decl":{"start":{"line":108,"column":2},"end":{"line":116,"column":3}},"loc":{"start":{"line":108,"column":2},"end":{"line":116,"column":3}},"line":108},"9":{"name":"updateTask","decl":{"start":{"line":118,"column":2},"end":{"line":138,"column":3}},"loc":{"start":{"line":118,"column":2},"end":{"line":138,"column":3}},"line":118},"10":{"name":"getOldestTaskDate","decl":{"start":{"line":140,"column":9},"end":{"line":147,"column":3}},"loc":{"start":{"line":140,"column":9},"end":{"line":147,"column":3}},"line":140},"11":{"name":"isTaskInfinite","decl":{"start":{"line":149,"column":10},"end":{"line":151,"column":3}},"loc":{"start":{"line":149,"column":10},"end":{"line":151,"column":3}},"line":149},"12":{"name":"isCurrentDateIsAfterOrSame","decl":{"start":{"line":153,"column":10},"end":{"line":155,"column":3}},"loc":{"start":{"line":153,"column":10},"end":{"line":155,"column":3}},"line":153},"13":{"name":"createArrayFromDateToDate","decl":{"start":{"line":157,"column":10},"end":{"line":159,"column":3}},"loc":{"start":{"line":157,"column":10},"end":{"line":159,"column":3}},"line":157},"14":{"name":"isValidTaskForDate","decl":{"start":{"line":161,"column":10},"end":{"line":177,"column":3}},"loc":{"start":{"line":161,"column":10},"end":{"line":177,"column":3}},"line":161},"15":{"name":"taskPertencesToday","decl":{"start":{"line":179,"column":9},"end":{"line":187,"column":3}},"loc":{"start":{"line":179,"column":9},"end":{"line":187,"column":3}},"line":179},"16":{"name":"isTaskDueTodayLates","decl":{"start":{"line":189,"column":9},"end":{"line":199,"column":3}},"loc":{"start":{"line":189,"column":9},"end":{"line":199,"column":3}},"line":189},"17":{"name":"processNonRepeatingTask","decl":{"start":{"line":201,"column":10},"end":{"line":223,"column":3}},"loc":{"start":{"line":201,"column":10},"end":{"line":223,"column":3}},"line":201},"18":{"name":"findLates","decl":{"start":{"line":225,"column":2},"end":{"line":257,"column":3}},"loc":{"start":{"line":225,"column":2},"end":{"line":257,"column":3}},"line":225}},"f":{"0":14,"1":7,"2":2,"3":2,"4":0,"5":0,"6":3,"7":2,"8":2,"9":3,"10":1,"11":1,"12":1,"13":0,"14":1,"15":0,"16":1,"17":0,"18":0}}
,"/home/jose-victor/projects/init/cards/backend/src/core/application/services/users-service.ts": {"path":"/home/jose-victor/projects/init/cards/backend/src/core/application/services/users-service.ts","all":false,"statementMap":{"0":{"start":{"line":1,"column":0},"end":{"line":1,"column":57}},"2":{"start":{"line":3,"column":0},"end":{"line":3,"column":79}},"3":{"start":{"line":4,"column":0},"end":{"line":4,"column":88}},"4":{"start":{"line":5,"column":0},"end":{"line":5,"column":53}},"5":{"start":{"line":6,"column":0},"end":{"line":6,"column":32}},"10":{"start":{"line":11,"column":0},"end":{"line":11,"column":83}},"12":{"start":{"line":13,"column":0},"end":{"line":13,"column":60}},"13":{"start":{"line":14,"column":0},"end":{"line":14,"column":94}},"15":{"start":{"line":16,"column":0},"end":{"line":16,"column":68}},"16":{"start":{"line":17,"column":0},"end":{"line":17,"column":60}},"18":{"start":{"line":19,"column":0},"end":{"line":19,"column":16}},"19":{"start":{"line":20,"column":0},"end":{"line":20,"column":3}},"21":{"start":{"line":22,"column":0},"end":{"line":22,"column":59}},"22":{"start":{"line":23,"column":0},"end":{"line":23,"column":58}},"24":{"start":{"line":25,"column":0},"end":{"line":25,"column":16}},"25":{"start":{"line":26,"column":0},"end":{"line":26,"column":3}},"27":{"start":{"line":28,"column":0},"end":{"line":28,"column":84}},"28":{"start":{"line":29,"column":0},"end":{"line":29,"column":48}},"30":{"start":{"line":31,"column":0},"end":{"line":31,"column":20}},"31":{"start":{"line":32,"column":0},"end":{"line":32,"column":39}},"32":{"start":{"line":33,"column":0},"end":{"line":33,"column":59}},"33":{"start":{"line":34,"column":0},"end":{"line":34,"column":5}},"35":{"start":{"line":36,"column":0},"end":{"line":36,"column":9}},"36":{"start":{"line":37,"column":0},"end":{"line":37,"column":28}},"37":{"start":{"line":38,"column":0},"end":{"line":38,"column":52}},"39":{"start":{"line":40,"column":0},"end":{"line":40,"column":19}},"40":{"start":{"line":41,"column":0},"end":{"line":41,"column":21}},"41":{"start":{"line":42,"column":0},"end":{"line":42,"column":73}},"42":{"start":{"line":43,"column":0},"end":{"line":43,"column":5}},"43":{"start":{"line":44,"column":0},"end":{"line":44,"column":3}},"45":{"start":{"line":46,"column":0},"end":{"line":46,"column":93}},"46":{"start":{"line":47,"column":0},"end":{"line":47,"column":63}},"48":{"start":{"line":49,"column":0},"end":{"line":49,"column":40}},"49":{"start":{"line":50,"column":0},"end":{"line":50,"column":19}},"50":{"start":{"line":51,"column":0},"end":{"line":51,"column":18}},"51":{"start":{"line":52,"column":0},"end":{"line":52,"column":17}},"52":{"start":{"line":53,"column":0},"end":{"line":53,"column":14}},"53":{"start":{"line":54,"column":0},"end":{"line":54,"column":17}},"54":{"start":{"line":55,"column":0},"end":{"line":55,"column":8}},"55":{"start":{"line":56,"column":0},"end":{"line":56,"column":57}},"57":{"start":{"line":58,"column":0},"end":{"line":58,"column":90}},"59":{"start":{"line":60,"column":0},"end":{"line":60,"column":27}},"60":{"start":{"line":61,"column":0},"end":{"line":61,"column":34}},"61":{"start":{"line":62,"column":0},"end":{"line":62,"column":32}},"62":{"start":{"line":63,"column":0},"end":{"line":63,"column":26}},"63":{"start":{"line":64,"column":0},"end":{"line":64,"column":32}},"64":{"start":{"line":65,"column":0},"end":{"line":65,"column":7}},"66":{"start":{"line":67,"column":0},"end":{"line":67,"column":9}},"67":{"start":{"line":68,"column":0},"end":{"line":68,"column":52}},"68":{"start":{"line":69,"column":0},"end":{"line":69,"column":54}},"70":{"start":{"line":71,"column":0},"end":{"line":71,"column":21}},"71":{"start":{"line":72,"column":0},"end":{"line":72,"column":21}},"72":{"start":{"line":73,"column":0},"end":{"line":73,"column":87}},"73":{"start":{"line":74,"column":0},"end":{"line":74,"column":5}},"74":{"start":{"line":75,"column":0},"end":{"line":75,"column":3}},"75":{"start":{"line":76,"column":0},"end":{"line":76,"column":1}}},"s":{"0":1,"2":1,"3":1,"4":1,"5":1,"10":1,"12":1,"13":1,"15":1,"16":1,"18":1,"19":1,"21":1,"22":1,"24":1,"25":1,"27":1,"28":1,"30":1,"31":1,"32":1,"33":1,"35":0,"36":0,"37":0,"39":0,"40":0,"41":0,"42":0,"43":1,"45":1,"46":2,"48":2,"49":2,"50":2,"51":2,"52":2,"53":2,"54":2,"55":2,"57":2,"59":1,"60":1,"61":1,"62":1,"63":1,"64":1,"66":1,"67":1,"68":1,"70":1,"71":2,"72":0,"73":0,"74":2,"75":1},"branchMap":{"0":{"type":"branch","line":14,"loc":{"start":{"line":14,"column":2},"end":{"line":14,"column":94}},"locations":[{"start":{"line":14,"column":2},"end":{"line":14,"column":94}}]},"1":{"type":"branch","line":16,"loc":{"start":{"line":16,"column":2},"end":{"line":20,"column":3}},"locations":[{"start":{"line":16,"column":2},"end":{"line":20,"column":3}}]},"2":{"type":"branch","line":22,"loc":{"start":{"line":22,"column":2},"end":{"line":26,"column":3}},"locations":[{"start":{"line":22,"column":2},"end":{"line":26,"column":3}}]},"3":{"type":"branch","line":28,"loc":{"start":{"line":28,"column":2},"end":{"line":44,"column":3}},"locations":[{"start":{"line":28,"column":2},"end":{"line":44,"column":3}}]},"4":{"type":"branch","line":31,"loc":{"start":{"line":31,"column":9},"end":{"line":31,"column":19}},"locations":[{"start":{"line":31,"column":9},"end":{"line":31,"column":19}}]},"5":{"type":"branch","line":34,"loc":{"start":{"line":34,"column":4},"end":{"line":43,"column":5}},"locations":[{"start":{"line":34,"column":4},"end":{"line":43,"column":5}}]},"6":{"type":"branch","line":46,"loc":{"start":{"line":46,"column":2},"end":{"line":75,"column":3}},"locations":[{"start":{"line":46,"column":2},"end":{"line":75,"column":3}}]},"7":{"type":"branch","line":58,"loc":{"start":{"line":58,"column":8},"end":{"line":58,"column":34}},"locations":[{"start":{"line":58,"column":8},"end":{"line":58,"column":34}}]},"8":{"type":"branch","line":58,"loc":{"start":{"line":58,"column":34},"end":{"line":72,"column":13}},"locations":[{"start":{"line":58,"column":34},"end":{"line":72,"column":13}}]},"9":{"type":"branch","line":72,"loc":{"start":{"line":72,"column":4},"end":{"line":74,"column":5}},"locations":[{"start":{"line":72,"column":4},"end":{"line":74,"column":5}}]}},"b":{"0":[5],"1":[1],"2":[1],"3":[1],"4":[0],"5":[0],"6":[2],"7":[1],"8":[1],"9":[0]},"fnMap":{"0":{"name":"UsersService","decl":{"start":{"line":14,"column":2},"end":{"line":14,"column":94}},"loc":{"start":{"line":14,"column":2},"end":{"line":14,"column":94}},"line":14},"1":{"name":"findOneByEmail","decl":{"start":{"line":16,"column":2},"end":{"line":20,"column":3}},"loc":{"start":{"line":16,"column":2},"end":{"line":20,"column":3}},"line":16},"2":{"name":"findOneById","decl":{"start":{"line":22,"column":2},"end":{"line":26,"column":3}},"loc":{"start":{"line":22,"column":2},"end":{"line":26,"column":3}},"line":22},"3":{"name":"updatePhoto","decl":{"start":{"line":28,"column":2},"end":{"line":44,"column":3}},"loc":{"start":{"line":28,"column":2},"end":{"line":44,"column":3}},"line":28},"4":{"name":"save","decl":{"start":{"line":46,"column":2},"end":{"line":75,"column":3}},"loc":{"start":{"line":46,"column":2},"end":{"line":75,"column":3}},"line":46}},"f":{"0":5,"1":1,"2":1,"3":1,"4":2}}
,"/home/jose-victor/projects/init/cards/backend/src/core/application/services/workspaces-service.ts": {"path":"/home/jose-victor/projects/init/cards/backend/src/core/application/services/workspaces-service.ts","all":false,"statementMap":{"0":{"start":{"line":1,"column":0},"end":{"line":1,"column":84}},"2":{"start":{"line":3,"column":0},"end":{"line":3,"column":98}},"3":{"start":{"line":4,"column":0},"end":{"line":4,"column":88}},"4":{"start":{"line":5,"column":0},"end":{"line":5,"column":53}},"10":{"start":{"line":11,"column":0},"end":{"line":11,"column":98}},"12":{"start":{"line":13,"column":0},"end":{"line":13,"column":70}},"13":{"start":{"line":14,"column":0},"end":{"line":14,"column":76}},"15":{"start":{"line":16,"column":0},"end":{"line":16,"column":67}},"16":{"start":{"line":17,"column":0},"end":{"line":17,"column":56}},"17":{"start":{"line":18,"column":0},"end":{"line":18,"column":23}},"18":{"start":{"line":19,"column":0},"end":{"line":19,"column":57}},"20":{"start":{"line":21,"column":0},"end":{"line":21,"column":44}},"22":{"start":{"line":23,"column":0},"end":{"line":23,"column":62}},"24":{"start":{"line":25,"column":0},"end":{"line":25,"column":87}},"26":{"start":{"line":27,"column":0},"end":{"line":27,"column":68}},"27":{"start":{"line":28,"column":0},"end":{"line":28,"column":44}},"28":{"start":{"line":29,"column":0},"end":{"line":29,"column":5}},"30":{"start":{"line":31,"column":0},"end":{"line":31,"column":77}},"32":{"start":{"line":33,"column":0},"end":{"line":33,"column":21}},"33":{"start":{"line":34,"column":0},"end":{"line":34,"column":3}},"35":{"start":{"line":36,"column":0},"end":{"line":36,"column":89}},"36":{"start":{"line":37,"column":0},"end":{"line":37,"column":88}},"38":{"start":{"line":39,"column":0},"end":{"line":39,"column":39}},"39":{"start":{"line":40,"column":0},"end":{"line":40,"column":63}},"40":{"start":{"line":41,"column":0},"end":{"line":41,"column":5}},"42":{"start":{"line":43,"column":0},"end":{"line":43,"column":21}},"43":{"start":{"line":44,"column":0},"end":{"line":44,"column":3}},"45":{"start":{"line":46,"column":0},"end":{"line":46,"column":91}},"46":{"start":{"line":47,"column":0},"end":{"line":47,"column":70}},"48":{"start":{"line":49,"column":0},"end":{"line":49,"column":25}},"49":{"start":{"line":50,"column":0},"end":{"line":50,"column":58}},"50":{"start":{"line":51,"column":0},"end":{"line":51,"column":5}},"52":{"start":{"line":53,"column":0},"end":{"line":53,"column":39}},"53":{"start":{"line":54,"column":0},"end":{"line":54,"column":67}},"54":{"start":{"line":55,"column":0},"end":{"line":55,"column":5}},"56":{"start":{"line":57,"column":0},"end":{"line":57,"column":56}},"58":{"start":{"line":59,"column":0},"end":{"line":59,"column":16}},"59":{"start":{"line":60,"column":0},"end":{"line":60,"column":3}},"61":{"start":{"line":62,"column":0},"end":{"line":62,"column":87}},"62":{"start":{"line":63,"column":0},"end":{"line":63,"column":95}},"64":{"start":{"line":65,"column":0},"end":{"line":65,"column":39}},"65":{"start":{"line":66,"column":0},"end":{"line":66,"column":63}},"66":{"start":{"line":67,"column":0},"end":{"line":67,"column":5}},"68":{"start":{"line":69,"column":0},"end":{"line":69,"column":21}},"69":{"start":{"line":70,"column":0},"end":{"line":70,"column":3}},"71":{"start":{"line":72,"column":0},"end":{"line":72,"column":99}},"72":{"start":{"line":73,"column":0},"end":{"line":73,"column":93}},"74":{"start":{"line":75,"column":0},"end":{"line":75,"column":46}},"75":{"start":{"line":76,"column":0},"end":{"line":76,"column":68}},"77":{"start":{"line":78,"column":0},"end":{"line":78,"column":78}},"79":{"start":{"line":80,"column":0},"end":{"line":80,"column":57}},"80":{"start":{"line":81,"column":0},"end":{"line":81,"column":17}},"81":{"start":{"line":82,"column":0},"end":{"line":82,"column":7}},"83":{"start":{"line":84,"column":0},"end":{"line":84,"column":69}},"85":{"start":{"line":86,"column":0},"end":{"line":86,"column":16}},"86":{"start":{"line":87,"column":0},"end":{"line":87,"column":3}},"88":{"start":{"line":89,"column":0},"end":{"line":89,"column":98}},"89":{"start":{"line":90,"column":0},"end":{"line":90,"column":91}},"91":{"start":{"line":92,"column":0},"end":{"line":92,"column":73}},"92":{"start":{"line":93,"column":0},"end":{"line":93,"column":77}},"94":{"start":{"line":95,"column":0},"end":{"line":95,"column":54}},"95":{"start":{"line":96,"column":0},"end":{"line":96,"column":39}},"96":{"start":{"line":97,"column":0},"end":{"line":97,"column":71}},"97":{"start":{"line":98,"column":0},"end":{"line":98,"column":7}},"99":{"start":{"line":100,"column":0},"end":{"line":100,"column":39}},"100":{"start":{"line":101,"column":0},"end":{"line":101,"column":31}},"101":{"start":{"line":102,"column":0},"end":{"line":102,"column":69}},"102":{"start":{"line":103,"column":0},"end":{"line":103,"column":30}},"103":{"start":{"line":104,"column":0},"end":{"line":104,"column":74}},"104":{"start":{"line":105,"column":0},"end":{"line":105,"column":9}},"105":{"start":{"line":106,"column":0},"end":{"line":106,"column":7}},"106":{"start":{"line":107,"column":0},"end":{"line":107,"column":7}},"108":{"start":{"line":109,"column":0},"end":{"line":109,"column":65}},"110":{"start":{"line":111,"column":0},"end":{"line":111,"column":29}},"111":{"start":{"line":112,"column":0},"end":{"line":112,"column":3}},"113":{"start":{"line":114,"column":0},"end":{"line":114,"column":49}},"114":{"start":{"line":115,"column":0},"end":{"line":115,"column":67}},"115":{"start":{"line":116,"column":0},"end":{"line":116,"column":3}},"117":{"start":{"line":118,"column":0},"end":{"line":118,"column":83}},"118":{"start":{"line":119,"column":0},"end":{"line":119,"column":55}},"120":{"start":{"line":121,"column":0},"end":{"line":121,"column":22}},"121":{"start":{"line":122,"column":0},"end":{"line":122,"column":60}},"122":{"start":{"line":123,"column":0},"end":{"line":123,"column":5}},"124":{"start":{"line":125,"column":0},"end":{"line":125,"column":65}},"125":{"start":{"line":126,"column":0},"end":{"line":126,"column":61}},"127":{"start":{"line":128,"column":0},"end":{"line":128,"column":51}},"128":{"start":{"line":129,"column":0},"end":{"line":129,"column":19}},"129":{"start":{"line":130,"column":0},"end":{"line":130,"column":63}},"130":{"start":{"line":131,"column":0},"end":{"line":131,"column":29}},"131":{"start":{"line":132,"column":0},"end":{"line":132,"column":41}},"133":{"start":{"line":134,"column":0},"end":{"line":134,"column":51}},"134":{"start":{"line":135,"column":0},"end":{"line":135,"column":11}},"135":{"start":{"line":136,"column":0},"end":{"line":136,"column":6}},"137":{"start":{"line":138,"column":0},"end":{"line":138,"column":31}},"139":{"start":{"line":140,"column":0},"end":{"line":140,"column":86}},"140":{"start":{"line":141,"column":0},"end":{"line":141,"column":61}},"141":{"start":{"line":142,"column":0},"end":{"line":142,"column":39}},"142":{"start":{"line":143,"column":0},"end":{"line":143,"column":7}},"144":{"start":{"line":145,"column":0},"end":{"line":145,"column":16}},"145":{"start":{"line":146,"column":0},"end":{"line":146,"column":3}},"147":{"start":{"line":148,"column":0},"end":{"line":148,"column":78}},"148":{"start":{"line":149,"column":0},"end":{"line":149,"column":78}},"150":{"start":{"line":151,"column":0},"end":{"line":151,"column":57}},"151":{"start":{"line":152,"column":0},"end":{"line":152,"column":62}},"152":{"start":{"line":153,"column":0},"end":{"line":153,"column":5}},"154":{"start":{"line":155,"column":0},"end":{"line":155,"column":56}},"155":{"start":{"line":156,"column":0},"end":{"line":156,"column":40}},"156":{"start":{"line":157,"column":0},"end":{"line":157,"column":7}},"158":{"start":
[...]
,"/home/jose-victor/projects/init/cards/backend/src/infra/repositories/implements/implements-users.repository.ts": {"path":"/home/jose-victor/projects/init/cards/backend/src/infra/repositories/implements/implements-users.repository.ts","all":true,"statementMap":{"5":{"start":{"line":6,"column":0},"end":{"line":6,"column":67}},"6":{"start":{"line":7,"column":0},"end":{"line":7,"column":62}},"8":{"start":{"line":9,"column":0},"end":{"line":9,"column":48}},"9":{"start":{"line":10,"column":0},"end":{"line":10,"column":43}},"10":{"start":{"line":11,"column":0},"end":{"line":11,"column":3}},"12":{"start":{"line":13,"column":0},"end":{"line":13,"column":61}},"13":{"start":{"line":14,"column":0},"end":{"line":14,"column":43}},"14":{"start":{"line":15,"column":0},"end":{"line":15,"column":12}},"15":{"start":{"line":16,"column":0},"end":{"line":16,"column":7}},"16":{"start":{"line":17,"column":0},"end":{"line":17,"column":3}},"18":{"start":{"line":19,"column":0},"end":{"line":19,"column":57}},"19":{"start":{"line":20,"column":0},"end":{"line":20,"column":43}},"20":{"start":{"line":21,"column":0},"end":{"line":21,"column":17}},"21":{"start":{"line":22,"column":0},"end":{"line":22,"column":7}},"22":{"start":{"line":23,"column":0},"end":{"line":23,"column":3}},"23":{"start":{"line":24,"column":0},"end":{"line":24,"column":1}}},"s":{"5":0,"6":0,"8":0,"9":0,"10":0,"12":0,"13":0,"14":0,"15":0,"16":0,"18":0,"19":0,"20":0,"21":0,"22":0,"23":0},"branchMap":{"0":{"type":"branch","line":1,"loc":{"start":{"line":1,"column":678},"end":{"line":24,"column":1}},"locations":[{"start":{"line":1,"column":678},"end":{"line":24,"column":1}}]}},"b":{"0":[1]},"fnMap":{"0":{"name":"(empty-report)","decl":{"start":{"line":1,"column":678},"end":{"line":24,"column":1}},"loc":{"start":{"line":1,"column":678},"end":{"line":24,"column":1}},"line":1}},"f":{"0":1}}
,"/home/jose-victor/projects/init/cards/backend/src/infra/repositories/implements/implements-workspaces.repository.ts": {"path":"/home/jose-victor/projects/init/cards/backend/src/infra/repositories/implements/implements-workspaces.repository.ts","all":true,"statementMap":{"1":{"start":{"line":2,"column":0},"end":{"line":2,"column":84}},"2":{"start":{"line":3,"column":0},"end":{"line":3,"column":59}},"5":{"start":{"line":6,"column":0},"end":{"line":6,"column":77}},"6":{"start":{"line":7,"column":0},"end":{"line":7,"column":67}},"8":{"start":{"line":9,"column":0},"end":{"line":9,"column":90}},"9":{"start":{"line":10,"column":0},"end":{"line":10,"column":75}},"10":{"start":{"line":11,"column":0},"end":{"line":11,"column":3}},"12":{"start":{"line":13,"column":0},"end":{"line":13,"column":83}},"13":{"start":{"line":14,"column":0},"end":{"line":14,"column":38}},"14":{"start":{"line":15,"column":0},"end":{"line":15,"column":59}},"15":{"start":{"line":16,"column":0},"end":{"line":16,"column":18}},"16":{"start":{"line":17,"column":0},"end":{"line":17,"column":20}},"17":{"start":{"line":18,"column":0},"end":{"line":18,"column":8}},"18":{"start":{"line":19,"column":0},"end":{"line":19,"column":7}},"19":{"start":{"line":20,"column":0},"end":{"line":20,"column":3}},"21":{"start":{"line":22,"column":0},"end":{"line":22,"column":73}},"22":{"start":{"line":23,"column":0},"end":{"line":23,"column":38}},"23":{"start":{"line":24,"column":0},"end":{"line":24,"column":58}},"24":{"start":{"line":25,"column":0},"end":{"line":25,"column":51}},"25":{"start":{"line":26,"column":0},"end":{"line":26,"column":15}},"26":{"start":{"line":27,"column":0},"end":{"line":27,"column":17}},"27":{"start":{"line":28,"column":0},"end":{"line":28,"column":19}},"28":{"start":{"line":29,"column":0},"end":{"line":29,"column":8}},"29":{"start":{"line":30,"column":0},"end":{"line":30,"column":7}},"30":{"start":{"line":31,"column":0},"end":{"line":31,"column":3}},"32":{"start":{"line":33,"column":0},"end":{"line":33,"column":91}},"33":{"start":{"line":34,"column":0},"end":{"line":34,"column":50}},"34":{"start":{"line":35,"column":0},"end":{"line":35,"column":3}},"36":{"start":{"line":37,"column":0},"end":{"line":37,"column":49}},"37":{"start":{"line":38,"column":0},"end":{"line":38,"column":47}},"38":{"start":{"line":39,"column":0},"end":{"line":39,"column":3}},"40":{"start":{"line":41,"column":0},"end":{"line":41,"column":75}},"41":{"start":{"line":42,"column":0},"end":{"line":42,"column":49}},"42":{"start":{"line":43,"column":0},"end":{"line":43,"column":3}},"44":{"start":{"line":45,"column":0},"end":{"line":45,"column":86}},"45":{"start":{"line":46,"column":0},"end":{"line":46,"column":41}},"46":{"start":{"line":47,"column":0},"end":{"line":47,"column":22}},"47":{"start":{"line":48,"column":0},"end":{"line":48,"column":18}},"48":{"start":{"line":49,"column":0},"end":{"line":49,"column":25}},"49":{"start":{"line":50,"column":0},"end":{"line":50,"column":20}},"50":{"start":{"line":51,"column":0},"end":{"line":51,"column":8}},"51":{"start":{"line":52,"column":0},"end":{"line":52,"column":7}},"52":{"start":{"line":53,"column":0},"end":{"line":53,"column":3}},"54":{"start":{"line":55,"column":0},"end":{"line":55,"column":69}},"55":{"start":{"line":56,"column":0},"end":{"line":56,"column":43}},"56":{"start":{"line":57,"column":0},"end":{"line":57,"column":22}},"57":{"start":{"line":58,"column":0},"end":{"line":58,"column":7}},"58":{"start":{"line":59,"column":0},"end":{"line":59,"column":3}},"60":{"start":{"line":61,"column":0},"end":{"line":61,"column":88}},"61":{"start":{"line":62,"column":0},"end":{"line":62,"column":31}},"62":{"start":{"line":63,"column":0},"end":{"line":63,"column":38}},"63":{"start":{"line":64,"column":0},"end":{"line":64,"column":25}},"64":{"start":{"line":65,"column":0},"end":{"line":65,"column":31}},"65":{"start":{"line":66,"column":0},"end":{"line":66,"column":26}},"66":{"start":{"line":67,"column":0},"end":{"line":67,"column":43}},"67":{"start":{"line":68,"column":0},"end":{"line":68,"column":45}},"68":{"start":{"line":69,"column":0},"end":{"line":69,"column":7}},"69":{"start":{"line":70,"column":0},"end":{"line":70,"column":52}},"70":{"start":{"line":71,"column":0},"end":{"line":71,"column":60}},"71":{"start":{"line":72,"column":0},"end":{"line":72,"column":16}},"72":{"start":{"line":73,"column":0},"end":{"line":73,"column":3}},"74":{"start":{"line":75,"column":0},"end":{"line":75,"column":74}},"75":{"start":{"line":76,"column":0},"end":{"line":76,"column":38}},"76":{"start":{"line":77,"column":0},"end":{"line":77,"column":44}},"77":{"start":{"line":78,"column":0},"end":{"line":78,"column":7}},"78":{"start":{"line":79,"column":0},"end":{"line":79,"column":3}},"80":{"start":{"line":81,"column":0},"end":{"line":81,"column":71}},"81":{"start":{"line":82,"column":0},"end":{"line":82,"column":38}},"82":{"start":{"line":83,"column":0},"end":{"line":83,"column":26}},"83":{"start":{"line":84,"column":0},"end":{"line":84,"column":7}},"84":{"start":{"line":85,"column":0},"end":{"line":85,"column":3}},"85":{"start":{"line":86,"column":0},"end":{"line":86,"column":1}}},"s":{"1":0,"2":0,"5":0,"6":0,"8":0,"9":0,"10":0,"12":0,"13":0,"14":0,"15":0,"16":0,"17":0,"18":0,"19":0,"21":0,"22":0,"23":0,"24":0,"25":0,"26":0,"27":0,"28":0,"29":0,"30":0,"32":0,"33":0,"34":0,"36":0,"37":0,"38":0,"40":0,"41":0,"42":0,"44":0,"45":0,"46":0,"47":0,"48":0,"49":0,"50":0,"51":0,"52":0,"54":0,"55":0,"56":0,"57":0,"58":0,"60":0,"61":0,"62":0,"63":0,"64":0,"65":0,"66":0,"67":0,"68":0,"69":0,"70":0,"71":0,"72":0,"74":0,"75":0,"76":0,"77":0,"78":0,"80":0,"81":0,"82":0,"83":0,"84":0,"85":0},"branchMap":{"0":{"type":"branch","line":1,"loc":{"start":{"line":1,"column":2747},"end":{"line":86,"column":1}},"locations":[{"start":{"line":1,"column":2747},"end":{"line":86,"column":1}}]}},"b":{"0":[1]},"fnMap":{"0":{"name":"(empty-report)","decl":{"start":{"line":1,"column":2747},"end":{"line":86,"column":1}},"loc":{"start":{"line":1,"column":2747},"end":{"line":86,"column":1}},"line":1}},"f":{"0":1}}
,"/home/jose-victor/projects/init/cards/backend/src/utils/errors.ts": {"path":"/home/jose-victor/projects/init/cards/backend/src/utils/errors.ts","all":false,"statementMap":{"0":{"start":{"line":1,"column":0},"end":{"line":1,"column":42}},"4":{"start":{"line":5,"column":0},"end":{"line":5,"column":58}},"5":{"start":{"line":6,"column":0},"end":{"line":6,"column":19}},"6":{"start":{"line":7,"column":0},"end":{"line":7,"column":41}},"7":{"start":{"line":8,"column":0},"end":{"line":8,"column":33}},"8":{"start":{"line":9,"column":0},"end":{"line":9,"column":3}},"9":{"start":{"line":10,"column":0},"end":{"line":10,"column":1}},"11":{"start":{"line":12,"column":0},"end":{"line":12,"column":56}},"12":{"start":{"line":13,"column":0},"end":{"line":13,"column":32}},"13":{"start":{"line":14,"column":0},"end":{"line":14,"column":24}},"14":{"start":{"line":15,"column":0},"end":{"line":15,"column":31}},"15":{"start":{"line":16,"column":0},"end":{"line":16,"column":3}},"16":{"start":{"line":17,"column":0},"end":{"line":17,"column":1}},"18":{"start":{"line":19,"column":0},"end":{"line":19,"column":54}},"19":{"start":{"line":20,"column":0},"end":{"line":20,"column":32}},"20":{"start":{"line":21,"column":0},"end":{"line":21,"column":24}},"21":{"start":{"line":22,"column":0},"end":{"line":22,"column":29}},"22":{"start":{"line":23,"column":0},"end":{"line":23,"column":3}},"23":{"start":{"line":24,"column":0},"end":{"line":24,"column":1}},"25":{"start":{"line":26,"column":0},"end":{"line":26,"column":58}},"26":{"start":{"line":27,"column":0},"end":{"line":27,"column":32}},"27":{"start":{"line":28,"column":0},"end":{"line":28,"column":24}},"28":{"start":{"line":29,"column":0},"end":{"line":29,"column":32}},"29":{"start":{"line":30,"column":0},"end":{"line":30,"column":3}},"30":{"start":{"line":31,"column":0},"end":{"line":31,"column":1}}},"s":{"0":1,"4":1,"5":15,"6":15,"7":15,"8":15,"9":1,"11":1,"12":1,"13":3,"14":3,"15":3,"16":1,"18":1,"19":1,"20":3,"21":3,"22":3,"23":1,"25":1,"26":1,"27":9,"28":9,"29":9,"30":1},"branchMap":{"0":{"type":"branch","line":5,"loc":{"start":{"line":5,"column":2},"end":{"line":9,"column":3}},"locations":[{"start":{"line":5,"column":2},"end":{"line":9,"column":3}}]},"1":{"type":"branch","line":13,"loc":{"start":{"line":13,"column":2},"end":{"line":16,"column":3}},"locations":[{"start":{"line":13,"column":2},"end":{"line":16,"column":3}}]},"2":{"type":"branch","line":20,"loc":{"start":{"line":20,"column":2},"end":{"line":23,"column":3}},"locations":[{"start":{"line":20,"column":2},"end":{"line":23,"column":3}}]},"3":{"type":"branch","line":27,"loc":{"start":{"line":27,"column":2},"end":{"line":30,"column":3}},"locations":[{"start":{"line":27,"column":2},"end":{"line":30,"column":3}}]}},"b":{"0":[15],"1":[3],"2":[3],"3":[9]},"fnMap":{"0":{"name":"ErrorInstance","decl":{"start":{"line":5,"column":2},"end":{"line":9,"column":3}},"loc":{"start":{"line":5,"column":2},"end":{"line":9,"column":3}},"line":5},"1":{"name":"BadRequestException","decl":{"start":{"line":13,"column":2},"end":{"line":16,"column":3}},"loc":{"start":{"line":13,"column":2},"end":{"line":16,"column":3}},"line":13},"2":{"name":"NotFoundException","decl":{"start":{"line":20,"column":2},"end":{"line":23,"column":3}},"loc":{"start":{"line":20,"column":2},"end":{"line":23,"column":3}},"line":20},"3":{"name":"UnauthorizedException","decl":{"start":{"line":27,"column":2},"end":{"line":30,"column":3}},"loc":{"start":{"line":27,"column":2},"end":{"line":30,"column":3}},"line":27}},"f":{"0":15,"1":3,"2":3,"3":9}}
,"/home/jose-victor/projects/init/cards/backend/src/utils/logger.ts": {"path":"/home/jose-victor/projects/init/cards/backend/src/utils/logger.ts","all":true,"statementMap":{"0":{"start":{"line":1,"column":0},"end":{"line":1,"column":24}},"2":{"start":{"line":3,"column":0},"end":{"line":3,"column":21}},"3":{"start":{"line":4,"column":0},"end":{"line":4,"column":16}},"4":{"start":{"line":5,"column":0},"end":{"line":5,"column":16}},"5":{"start":{"line":6,"column":0},"end":{"line":6,"column":14}},"6":{"start":{"line":7,"column":0},"end":{"line":7,"column":26}},"7":{"start":{"line":8,"column":0},"end":{"line":8,"column":14}},"8":{"start":{"line":9,"column":0},"end":{"line":9,"column":22}},"9":{"start":{"line":10,"column":0},"end":{"line":10,"column":6}},"10":{"start":{"line":11,"column":0},"end":{"line":11,"column":4}},"11":{"start":{"line":12,"column":0},"end":{"line":12,"column":3}}},"s":{"0":0,"2":0,"3":0,"4":0,"5":0,"6":0,"7":0,"8":0,"9":0,"10":0,"11":0},"branchMap":{"0":{"type":"branch","line":1,"loc":{"start":{"line":1,"column":0},"end":{"line":12,"column":-110}},"locations":[{"start":{"line":1,"column":0},"end":{"line":12,"column":-110}}]}},"b":{"0":[0]},"fnMap":{"0":{"name":"(empty-report)","decl":{"start":{"line":1,"column":0},"end":{"line":12,"column":-110}},"loc":{"start":{"line":1,"column":0},"end":{"line":12,"column":-110}},"line":1}},"f":{"0":0}}
,"/home/jose-victor/projects/init/cards/backend/src/utils/organize-tree.ts": {"path":"/home/jose-victor/projects/init/cards/backend/src/utils/organize-tree.ts","all":true,"statementMap":{"3":{"start":{"line":4,"column":0},"end":{"line":4,"column":77}},"4":{"start":{"line":5,"column":0},"end":{"line":5,"column":48}},"5":{"start":{"line":6,"column":0},"end":{"line":6,"column":37}},"6":{"start":{"line":7,"column":0},"end":{"line":7,"column":15}},"7":{"start":{"line":8,"column":0},"end":{"line":8,"column":35}},"8":{"start":{"line":9,"column":0},"end":{"line":9,"column":1}},"10":{"start":{"line":11,"column":0},"end":{"line":11,"column":25}},"11":{"start":{"line":12,"column":0},"end":{"line":12,"column":22}},"12":{"start":{"line":13,"column":0},"end":{"line":13,"column":39}},"13":{"start":{"line":14,"column":0},"end":{"line":14,"column":21}},"14":{"start":{"line":15,"column":0},"end":{"line":15,"column":50}},"16":{"start":{"line":17,"column":0},"end":{"line":17,"column":19}},"17":{"start":{"line":18,"column":0},"end":{"line":18,"column":16}},"18":{"start":{"line":19,"column":0},"end":{"line":19,"column":3}},"20":{"start":{"line":21,"column":0},"end":{"line":21,"column":58}},"21":{"start":{"line":22,"column":0},"end":{"line":22,"column":46}},"22":{"start":{"line":23,"column":0},"end":{"line":23,"column":74}},"23":{"start":{"line":24,"column":0},"end":{"line":24,"column":50}},"25":{"start":{"line":26,"column":0},"end":{"line":26,"column":19}},"26":{"start":{"line":27,"column":0},"end":{"line":27,"column":1}},"28":{"start":{"line":29,"column":0},"end":{"line":29,"column":58}},"29":{"start":{"line":30,"column":0},"end":{"line":30,"column":53}},"31":{"start":{"line":32,"column":0},"end":{"line":32,"column":42}},"32":{"start":{"line":33,"column":0},"end":{"line":33,"column":47}},"33":{"start":{"line":34,"column":0},"end":{"line":34,"column":76}},"34":{"start":{"line":35,"column":0},"end":{"line":35,"column":50}},"35":{"start":{"line":36,"column":0},"end":{"line":36,"column":1}}},"s":{"3":0,"4":0,"5":0,"6":0,"7":0,"8":0,"10":0,"11":0,"12":0,"13":0,"14":0,"16":0,"17":0,"18":0,"20":0,"21":0,"22":0,"23":0,"25":0,"26":0,"28":0,"29":0,"31":0,"32":0,"33":0,"34":0,"35":0},"branchMap":{"0":{"type":"branch","line":1,"loc":{"start":{"line":1,"column":1165},"end":{"line":38,"column":21}},"locations":[{"start":{"line":1,"column":1165},"end":{"line":38,"column":21}}]}},"b":{"0":[1]},"fnMap":{"0":{"name":"(empty-report)","decl":{"start":{"line":1,"column":1165},"end":{"line":38,"column":21}},"loc":{"start":{"line":1,"column":1165},"end":{"line":38,"column":21}},"line":1}},"f":{"0":1}}
,"/home/jose-victor/projects/init/cards/backend/src/utils/throw-error-validation-schema.ts": {"path":"/home/jose-victor/projects/init/cards/backend/src/utils/throw-error-validation-schema.ts","all":false,"statementMap":{"0":{"start":{"line":1,"column":0},"end":{"line":1,"column":47}},"2":{"start":{"line":3,"column":0},"end":{"line":3,"column":63}},"3":{"start":{"line":4,"column":0},"end":{"line":4,"column":43}},"4":{"start":{"line":5,"column":0},"end":{"line":5,"column":75}},"5":{"start":{"line":6,"column":0},"end":{"line":6,"column":63}},"6":{"start":{"line":7,"column":0},"end":{"line":7,"column":1}}},"s":{"0":1,"2":1,"3":1,"4":1,"5":1,"6":1},"branchMap":{"0":{"type":"branch","line":3,"loc":{"start":{"line":3,"column":7},"end":{"line":7,"column":1}},"locations":[{"start":{"line":3,"column":7},"end":{"line":7,"column":1}}]},"1":{"type":"branch","line":4,"loc":{"start":{"line":4,"column":24},"end":{"line":4,"column":43}},"locations":[{"start":{"line":4,"column":24},"end":{"line":4,"column":43}}]},"2":{"type":"branch","line":5,"loc":{"start":{"line":5,"column":61},"end":{"line":5,"column":75}},"locations":[{"start":{"line":5,"column":61},"end":{"line":5,"column":75}}]},"3":{"type":"branch","line":5,"loc":{"start":{"line":5,"column":36},"end":{"line":5,"column":61}},"locations":[{"start":{"line":5,"column":36},"end":{"line":5,"column":61}}]}},"b":{"0":[1],"1":[0],"2":[0],"3":[1]},"fnMap":{"0":{"name":"ThrowErrorInValidationSchema","decl":{"start":{"line":3,"column":7},"end":{"line":7,"column":1}},"loc":{"start":{"line":3,"column":7},"end":{"line":7,"column":1}},"line":3}},"f":{"0":1}}
,"/home/jose-victor/projects/init/cards/backend/src/utils/unlink.ts": {"path":"/home/jose-victor/projects/init/cards/backend/src/utils/unlink.ts","all":false,"statementMap":{"1":{"start":{"line":2,"column":0},"end":{"line":2,"column":37}},"2":{"start":{"line":3,"column":0},"end":{"line":3,"column":28}},"4":{"start":{"line":5,"column":0},"end":{"line":5,"column":73}},"5":{"start":{"line":6,"column":0},"end":{"line":6,"column":7}},"6":{"start":{"line":7,"column":0},"end":{"line":7,"column":64}},"7":{"start":{"line":8,"column":0},"end":{"line":8,"column":27}},"8":{"start":{"line":9,"column":0},"end":{"line":9,"column":24}},"9":{"start":{"line":10,"column":0},"end":{"line":10,"column":23}},"10":{"start":{"line":11,"column":0},"end":{"line":11,"column":3}},"11":{"start":{"line":12,"column":0},"end":{"line":12,"column":1}}},"s":{"1":1,"2":1,"4":0,"5":0,"6":0,"7":0,"8":0,"9":0,"10":0,"11":0},"branchMap":{},"b":{},"fnMap":{"0":{"name":"unlinkUploadFile","decl":{"start":{"line":5,"column":0},"end":{"line":12,"column":1}},"loc":{"start":{"line":5,"column":0},"end":{"line":12,"column":1}},"line":5}},"f":{"0":0}}
}
